Removed Pin From Net: NetName=GND Pin=P1-1
Removed Pin From Net: NetName=VCC Pin=P1-2
Removed Pin From Net: NetName=NetP1_7 Pin=R8-1
Removed Pin From Net: NetName=NetP1_5 Pin=R10-1
Removed Pin From Net: NetName=NetP1_3 Pin=R12-1
Removed Pin From Net: NetName=NetP1_7 Pin=U5-2
Removed Pin From Net: NetName=NetP1_5 Pin=U6-2
Removed Pin From Net: NetName=NetP1_3 Pin=U7-2
Added Pin To Net: NetName=NetP1_7 Pin=R4-1
Added Pin To Net: NetName=NetP1_5 Pin=R6-1
Added Pin To Net: NetName=NetP1_3 Pin=R8-1
Added Pin To Net: NetName=NetP1_7 Pin=U2-2
Added Pin To Net: NetName=NetP1_5 Pin=U4-2
Added Pin To Net: NetName=NetP1_3 Pin=U5-2
Added Pin To Net: NetName=NetP1_1 Pin=P1-1
Added Pin To Net: NetName=NetP1_1 Pin=R10-1
Added Pin To Net: NetName=NetP1_1 Pin=U6-2
Added Net: Name=NetP1_1
Added Pin To Net: NetName=NetP1_2 Pin=P1-2
Added Pin To Net: NetName=NetP1_2 Pin=R12-1
Added Pin To Net: NetName=NetP1_2 Pin=U7-2
Added Net: Name=NetP1_2
Added Pin To Net: NetName=NetR2_1 Pin=R2-1
Added Pin To Net: NetName=NetR2_1 Pin=U1-2
Added Net: Name=NetR2_1
