Removed Pin From Net: NetName=NetP1_2 Pin=R2-1
Removed Pin From Net: NetName=NetP1_4 Pin=R4-1
Removed Pin From Net: NetName=NetP1_6 Pin=R6-1
Removed Pin From Net: NetName=NetP1_8 Pin=R8-1
Removed Pin From Net: NetName=NetP1_10 Pin=R10-1
Removed Pin From Net: NetName=NetP1_12 Pin=R12-1
Removed Pin From Net: NetName=NetP1_2 Pin=U1-2
Removed Pin From Net: NetName=NetP1_4 Pin=U2-2
Removed Pin From Net: NetName=NetP1_1 Pin=U3-1
Removed Pin From Net: NetName=NetP1_3 Pin=U3-2
Removed Pin From Net: NetName=NetP1_5 Pin=U3-3
Removed Pin From Net: NetName=NetP1_7 Pin=U3-4
Removed Pin From Net: NetName=NetP1_9 Pin=U3-5
Removed Pin From Net: NetName=NetP1_11 Pin=U3-6
Removed Pin From Net: NetName=NetP1_6 Pin=U4-2
Removed Pin From Net: NetName=NetP1_8 Pin=U5-2
Removed Pin From Net: NetName=NetP1_10 Pin=U6-2
Removed Pin From Net: NetName=NetP1_12 Pin=U7-2
Added Pin To Net: NetName=NetP1_12 Pin=R2-1
Added Pin To Net: NetName=NetP1_10 Pin=R4-1
Added Pin To Net: NetName=NetP1_8 Pin=R6-1
Added Pin To Net: NetName=NetP1_6 Pin=R8-1
Added Pin To Net: NetName=NetP1_4 Pin=R10-1
Added Pin To Net: NetName=NetP1_2 Pin=R12-1
Added Pin To Net: NetName=NetP1_12 Pin=U1-2
Added Pin To Net: NetName=NetP1_10 Pin=U2-2
Added Pin To Net: NetName=NetP1_11 Pin=U3-1
Added Pin To Net: NetName=NetP1_9 Pin=U3-2
Added Pin To Net: NetName=NetP1_7 Pin=U3-3
Added Pin To Net: NetName=NetP1_5 Pin=U3-4
Added Pin To Net: NetName=NetP1_3 Pin=U3-5
Added Pin To Net: NetName=NetP1_1 Pin=U3-6
Added Pin To Net: NetName=NetP1_8 Pin=U4-2
Added Pin To Net: NetName=NetP1_6 Pin=U5-2
Added Pin To Net: NetName=NetP1_4 Pin=U6-2
Added Pin To Net: NetName=NetP1_2 Pin=U7-2
Added Room: Name=Array
