11, 12, 2016 (20:09:08): Starting Pre-Save actions

11, 12, 2016 (20:09:08): Starting Dialogs Check/Save
11, 12, 2016 (20:09:08): Finished Dialogs Check/Save
11, 12, 2016 (20:09:08): Starting Controlled Files Resolution
11, 12, 2016 (20:09:08): Finished Controlled Files Resolution
11, 12, 2016 (20:09:08): Finished Pre-Save actions

11, 12, 2016 (20:09:08): Creating \\vmware-host\Shared Folders\Documents\University\Current Semester\ES770\model\ES770\ES770.rpy
11, 12, 2016 (20:09:08): 
Started writing \\vmware-host\Shared Folders\Documents\University\Current Semester\ES770\model\ES770\ES770.rpy on Saturday, November 12, 2016 (20:09:08)

11, 12, 2016 (20:09:08): version 8.5.2
11, 12, 2016 (20:09:09): 
Started writing \\vmware-host\Shared Folders\Documents\University\Current Semester\ES770\model\ES770\ES770_rpy\filesTable.dat on Saturday, November 12, 2016 (20:09:09)

11, 12, 2016 (20:09:09): Finished writing \\vmware-host\Shared Folders\Documents\University\Current Semester\ES770\model\ES770\ES770_rpy\filesTable.dat on Saturday, November 12, 2016 (20:09:09)

11, 12, 2016 (20:09:09): Creating \\vmware-host\Shared Folders\Documents\University\Current Semester\ES770\model\ES770\ES770_rpy\diagnostics.sbs
11, 12, 2016 (20:09:09): 
Started writing \\vmware-host\Shared Folders\Documents\University\Current Semester\ES770\model\ES770\ES770_rpy\diagnostics.sbs on Saturday, November 12, 2016 (20:09:09)

11, 12, 2016 (20:09:09): version 8.5.2
11, 12, 2016 (20:09:09): Finished writing \\vmware-host\Shared Folders\Documents\University\Current Semester\ES770\model\ES770\ES770_rpy\diagnostics.sbs on Saturday, November 12, 2016 (20:09:09)

11, 12, 2016 (20:09:09): Finished writing \\vmware-host\Shared Folders\Documents\University\Current Semester\ES770\model\ES770\ES770.rpy on Saturday, November 12, 2016 (20:09:09)

11, 12, 2016 (20:09:09): End Log
