09, 11, 2016 (13:15:34): Opening rpy file C:\Program Files (x86)\IBM\Rational\Rhapsody Modeler\7.5\Share\Properties\PredefinedTypes.sbs
09, 11, 2016 (13:15:34): 
 Started loading C:\Program Files (x86)\IBM\Rational\Rhapsody Modeler\7.5\Share\Properties\PredefinedTypes.sbs on Sunday, September 11, 2016 (13:15:34).-

09, 11, 2016 (13:15:34): 

Starting inUnit resolution phase


09, 11, 2016 (13:15:34): 

Finished inUnit resolution phase


09, 11, 2016 (13:15:34): 
 Finished loading C:\Program Files (x86)\IBM\Rational\Rhapsody Modeler\7.5\Share\Properties\PredefinedTypes.sbs on Sunday, September 11, 2016 (13:15:34).-

09, 11, 2016 (13:15:34): Opening rpy file C:\Program Files (x86)\IBM\Rational\Rhapsody Modeler\7.5\Share\Properties\PredefinedTypesC++.sbs
09, 11, 2016 (13:15:34): 
 Started loading C:\Program Files (x86)\IBM\Rational\Rhapsody Modeler\7.5\Share\Properties\PredefinedTypesC++.sbs on Sunday, September 11, 2016 (13:15:34).-

09, 11, 2016 (13:15:34): 

Starting inUnit resolution phase


09, 11, 2016 (13:15:34): 

Finished inUnit resolution phase


09, 11, 2016 (13:15:34): 
 Finished loading C:\Program Files (x86)\IBM\Rational\Rhapsody Modeler\7.5\Share\Properties\PredefinedTypesC++.sbs on Sunday, September 11, 2016 (13:15:34).-

09, 11, 2016 (13:15:34): Opening rpy file C:\Users\guilherme\Documents\University\Current Semester\ES770\model\ES770\ES770.rpy
09, 11, 2016 (13:15:34): 
 Started loading C:\Users\guilherme\Documents\University\Current Semester\ES770\model\ES770\ES770.rpy on Sunday, September 11, 2016 (13:15:34).-

09, 11, 2016 (13:15:34): Opening rpy file C:\Users\guilherme\Documents\University\Current Semester\ES770\model\ES770\ES770_rpy\Sources.sbs
09, 11, 2016 (13:15:34): 
 Started loading C:\Users\guilherme\Documents\University\Current Semester\ES770\model\ES770\ES770_rpy\Sources.sbs on Sunday, September 11, 2016 (13:15:34).-

09, 11, 2016 (13:15:34): Opening rpy file C:\Users\guilherme\Documents\University\Current Semester\ES770\model\ES770\ES770_rpy\main.sbs
09, 11, 2016 (13:15:34): 
 Started loading C:\Users\guilherme\Documents\University\Current Semester\ES770\model\ES770\ES770_rpy\main.sbs on Sunday, September 11, 2016 (13:15:34).-

09, 11, 2016 (13:15:34): 

Starting inUnit resolution phase


09, 11, 2016 (13:15:34): 

Finished inUnit resolution phase


09, 11, 2016 (13:15:34): 
 Finished loading C:\Users\guilherme\Documents\University\Current Semester\ES770\model\ES770\ES770_rpy\main.sbs on Sunday, September 11, 2016 (13:15:34).-

09, 11, 2016 (13:15:34): Opening rpy file C:\Users\guilherme\Documents\University\Current Semester\ES770\model\ES770\ES770_rpy\hal.sbs
09, 11, 2016 (13:15:34): 
 Started loading C:\Users\guilherme\Documents\University\Current Semester\ES770\model\ES770\ES770_rpy\hal.sbs on Sunday, September 11, 2016 (13:15:34).-

09, 11, 2016 (13:15:34): Opening rpy file C:\Users\guilherme\Documents\University\Current Semester\ES770\model\ES770\ES770_rpy\util.sbs
09, 11, 2016 (13:15:34): 
 Started loading C:\Users\guilherme\Documents\University\Current Semester\ES770\model\ES770\ES770_rpy\util.sbs on Sunday, September 11, 2016 (13:15:34).-

09, 11, 2016 (13:15:34): 

Starting inUnit resolution phase


09, 11, 2016 (13:15:34): 

Finished inUnit resolution phase


09, 11, 2016 (13:15:34): 
 Finished loading C:\Users\guilherme\Documents\University\Current Semester\ES770\model\ES770\ES770_rpy\util.sbs on Sunday, September 11, 2016 (13:15:34).-

09, 11, 2016 (13:15:34): Opening rpy file C:\Users\guilherme\Documents\University\Current Semester\ES770\model\ES770\ES770_rpy\controller.sbs
09, 11, 2016 (13:15:34): 
 Started loading C:\Users\guilherme\Documents\University\Current Semester\ES770\model\ES770\ES770_rpy\controller.sbs on Sunday, September 11, 2016 (13:15:34).-

09, 11, 2016 (13:15:34): 

Starting inUnit resolution phase


09, 11, 2016 (13:15:34): 

Finished inUnit resolution phase


09, 11, 2016 (13:15:34): 
 Finished loading C:\Users\guilherme\Documents\University\Current Semester\ES770\model\ES770\ES770_rpy\controller.sbs on Sunday, September 11, 2016 (13:15:34).-

09, 11, 2016 (13:15:34): Opening rpy file C:\Users\guilherme\Documents\University\Current Semester\ES770\model\ES770\ES770_rpy\driver.sbs
09, 11, 2016 (13:15:34): 
 Started loading C:\Users\guilherme\Documents\University\Current Semester\ES770\model\ES770\ES770_rpy\driver.sbs on Sunday, September 11, 2016 (13:15:34).-

09, 11, 2016 (13:15:34): 

Starting inUnit resolution phase


09, 11, 2016 (13:15:34): 

Finished inUnit resolution phase


09, 11, 2016 (13:15:34): 
 Finished loading C:\Users\guilherme\Documents\University\Current Semester\ES770\model\ES770\ES770_rpy\driver.sbs on Sunday, September 11, 2016 (13:15:34).-

09, 11, 2016 (13:15:34): Opening rpy file C:\Users\guilherme\Documents\University\Current Semester\ES770\model\ES770\ES770_rpy\encoder.sbs
09, 11, 2016 (13:15:34): 
 Started loading C:\Users\guilherme\Documents\University\Current Semester\ES770\model\ES770\ES770_rpy\encoder.sbs on Sunday, September 11, 2016 (13:15:34).-

09, 11, 2016 (13:15:34): 

Starting inUnit resolution phase


09, 11, 2016 (13:15:34): 

Finished inUnit resolution phase


09, 11, 2016 (13:15:34): 
 Finished loading C:\Users\guilherme\Documents\University\Current Semester\ES770\model\ES770\ES770_rpy\encoder.sbs on Sunday, September 11, 2016 (13:15:34).-

09, 11, 2016 (13:15:34): Opening rpy file C:\Users\guilherme\Documents\University\Current Semester\ES770\model\ES770\ES770_rpy\hmi.sbs
09, 11, 2016 (13:15:34): 
 Started loading C:\Users\guilherme\Documents\University\Current Semester\ES770\model\ES770\ES770_rpy\hmi.sbs on Sunday, September 11, 2016 (13:15:34).-

09, 11, 2016 (13:15:34): 

Starting inUnit resolution phase


09, 11, 2016 (13:15:34): 

Finished inUnit resolution phase


09, 11, 2016 (13:15:34): 
 Finished loading C:\Users\guilherme\Documents\University\Current Semester\ES770\model\ES770\ES770_rpy\hmi.sbs on Sunday, September 11, 2016 (13:15:34).-

09, 11, 2016 (13:15:34): Opening rpy file C:\Users\guilherme\Documents\University\Current Semester\ES770\model\ES770\ES770_rpy\mcg.sbs
09, 11, 2016 (13:15:34): 
 Started loading C:\Users\guilherme\Documents\University\Current Semester\ES770\model\ES770\ES770_rpy\mcg.sbs on Sunday, September 11, 2016 (13:15:34).-

09, 11, 2016 (13:15:34): 

Starting inUnit resolution phase


09, 11, 2016 (13:15:34): 

Finished inUnit resolution phase


09, 11, 2016 (13:15:34): 
 Finished loading C:\Users\guilherme\Documents\University\Current Semester\ES770\model\ES770\ES770_rpy\mcg.sbs on Sunday, September 11, 2016 (13:15:34).-

09, 11, 2016 (13:15:34): Opening rpy file C:\Users\guilherme\Documents\University\Current Semester\ES770\model\ES770\ES770_rpy\target_definitions.sbs
09, 11, 2016 (13:15:34): 
 Started loading C:\Users\guilherme\Documents\University\Current Semester\ES770\model\ES770\ES770_rpy\target_definitions.sbs on Sunday, September 11, 2016 (13:15:34).-

09, 11, 2016 (13:15:34): 

Starting inUnit resolution phase


09, 11, 2016 (13:15:34): 

Finished inUnit resolution phase


09, 11, 2016 (13:15:34): 
 Finished loading C:\Users\guilherme\Documents\University\Current Semester\ES770\model\ES770\ES770_rpy\target_definitions.sbs on Sunday, September 11, 2016 (13:15:34).-

09, 11, 2016 (13:15:34): Opening rpy file C:\Users\guilherme\Documents\University\Current Semester\ES770\model\ES770\ES770_rpy\uart.sbs
09, 11, 2016 (13:15:34): 
 Started loading C:\Users\guilherme\Documents\University\Current Semester\ES770\model\ES770\ES770_rpy\uart.sbs on Sunday, September 11, 2016 (13:15:34).-

09, 11, 2016 (13:15:34): 

Starting inUnit resolution phase


09, 11, 2016 (13:15:34): 

Finished inUnit resolution phase


09, 11, 2016 (13:15:34): 
 Finished loading C:\Users\guilherme\Documents\University\Current Semester\ES770\model\ES770\ES770_rpy\uart.sbs on Sunday, September 11, 2016 (13:15:34).-

09, 11, 2016 (13:15:34): 

Starting inUnit resolution phase


09, 11, 2016 (13:15:34): 

Finished inUnit resolution phase


09, 11, 2016 (13:15:34): 
 Finished loading C:\Users\guilherme\Documents\University\Current Semester\ES770\model\ES770\ES770_rpy\hal.sbs on Sunday, September 11, 2016 (13:15:34).-

09, 11, 2016 (13:15:34): 

Starting inUnit resolution phase


09, 11, 2016 (13:15:34): 

Finished inUnit resolution phase


09, 11, 2016 (13:15:34): 
 Finished loading C:\Users\guilherme\Documents\University\Current Semester\ES770\model\ES770\ES770_rpy\Sources.sbs on Sunday, September 11, 2016 (13:15:34).-

09, 11, 2016 (13:15:34): Opening rpy file C:\Users\guilherme\Documents\University\Current Semester\ES770\model\ES770\ES770_rpy\Requirements.sbs
09, 11, 2016 (13:15:34): 
 Started loading C:\Users\guilherme\Documents\University\Current Semester\ES770\model\ES770\ES770_rpy\Requirements.sbs on Sunday, September 11, 2016 (13:15:34).-

09, 11, 2016 (13:15:34): 

Starting inUnit resolution phase


09, 11, 2016 (13:15:34): 

Finished inUnit resolution phase


09, 11, 2016 (13:15:34): 
 Finished loading C:\Users\guilherme\Documents\University\Current Semester\ES770\model\ES770\ES770_rpy\Requirements.sbs on Sunday, September 11, 2016 (13:15:34).-

09, 11, 2016 (13:15:34): Opening rpy file C:\Users\guilherme\Documents\University\Current Semester\ES770\model\ES770\ES770_rpy\System.sbs
09, 11, 2016 (13:15:34): 
 Started loading C:\Users\guilherme\Documents\University\Current Semester\ES770\model\ES770\ES770_rpy\System.sbs on Sunday, September 11, 2016 (13:15:34).-

09, 11, 2016 (13:15:34): 

Starting inUnit resolution phase


09, 11, 2016 (13:15:34): 

Finished inUnit resolution phase


09, 11, 2016 (13:15:34): 
 Finished loading C:\Users\guilherme\Documents\University\Current Semester\ES770\model\ES770\ES770_rpy\System.sbs on Sunday, September 11, 2016 (13:15:34).-

09, 11, 2016 (13:15:34): Opening rpy file C:\Users\guilherme\Documents\University\Current Semester\ES770\model\ES770\ES770_rpy\definition_diagram.omd
09, 11, 2016 (13:15:34): 
 Started loading C:\Users\guilherme\Documents\University\Current Semester\ES770\model\ES770\ES770_rpy\definition_diagram.omd on Sunday, September 11, 2016 (13:15:34).-

09, 11, 2016 (13:15:34): 

Starting inUnit resolution phase


09, 11, 2016 (13:15:34): 

Finished inUnit resolution phase


09, 11, 2016 (13:15:34): 
 Finished loading C:\Users\guilherme\Documents\University\Current Semester\ES770\model\ES770\ES770_rpy\definition_diagram.omd on Sunday, September 11, 2016 (13:15:34).-

09, 11, 2016 (13:15:34): Opening rpy file C:\Users\guilherme\Documents\University\Current Semester\ES770\model\ES770\ES770_rpy\FRDM_KL25Z.cmp
09, 11, 2016 (13:15:34): 
 Started loading C:\Users\guilherme\Documents\University\Current Semester\ES770\model\ES770\ES770_rpy\FRDM_KL25Z.cmp on Sunday, September 11, 2016 (13:15:34).-

09, 11, 2016 (13:15:34): Opening rpy file C:\Users\guilherme\Documents\University\Current Semester\ES770\model\ES770\ES770_rpy\ADC0.cmp
09, 11, 2016 (13:15:34): 
 Started loading C:\Users\guilherme\Documents\University\Current Semester\ES770\model\ES770\ES770_rpy\ADC0.cmp on Sunday, September 11, 2016 (13:15:34).-

09, 11, 2016 (13:15:34): 

Starting inUnit resolution phase


09, 11, 2016 (13:15:34): 

Finished inUnit resolution phase


09, 11, 2016 (13:15:34): 
 Finished loading C:\Users\guilherme\Documents\University\Current Semester\ES770\model\ES770\ES770_rpy\ADC0.cmp on Sunday, September 11, 2016 (13:15:34).-

09, 11, 2016 (13:15:34): Opening rpy file C:\Users\guilherme\Documents\University\Current Semester\ES770\model\ES770\ES770_rpy\TPM0.cmp
09, 11, 2016 (13:15:34): 
 Started loading C:\Users\guilherme\Documents\University\Current Semester\ES770\model\ES770\ES770_rpy\TPM0.cmp on Sunday, September 11, 2016 (13:15:34).-

09, 11, 2016 (13:15:34): 

Starting inUnit resolution phase


09, 11, 2016 (13:15:34): 

Finished inUnit resolution phase


09, 11, 2016 (13:15:34): 
 Finished loading C:\Users\guilherme\Documents\University\Current Semester\ES770\model\ES770\ES770_rpy\TPM0.cmp on Sunday, September 11, 2016 (13:15:34).-

09, 11, 2016 (13:15:34): Opening rpy file C:\Users\guilherme\Documents\University\Current Semester\ES770\model\ES770\ES770_rpy\GPIO.cmp
09, 11, 2016 (13:15:34): 
 Started loading C:\Users\guilherme\Documents\University\Current Semester\ES770\model\ES770\ES770_rpy\GPIO.cmp on Sunday, September 11, 2016 (13:15:34).-

09, 11, 2016 (13:15:34): 

Starting inUnit resolution phase


09, 11, 2016 (13:15:34): 

Finished inUnit resolution phase


09, 11, 2016 (13:15:34): 
 Finished loading C:\Users\guilherme\Documents\University\Current Semester\ES770\model\ES770\ES770_rpy\GPIO.cmp on Sunday, September 11, 2016 (13:15:34).-

09, 11, 2016 (13:15:34): 

Starting inUnit resolution phase


09, 11, 2016 (13:15:34): 

Finished inUnit resolution phase


09, 11, 2016 (13:15:34): 
 Finished loading C:\Users\guilherme\Documents\University\Current Semester\ES770\model\ES770\ES770_rpy\FRDM_KL25Z.cmp on Sunday, September 11, 2016 (13:15:34).-

09, 11, 2016 (13:15:34): Opening rpy file C:\Users\guilherme\Documents\University\Current Semester\ES770\model\ES770\ES770_rpy\Encoder_A.cmp
09, 11, 2016 (13:15:34): 
 Started loading C:\Users\guilherme\Documents\University\Current Semester\ES770\model\ES770\ES770_rpy\Encoder_A.cmp on Sunday, September 11, 2016 (13:15:34).-

09, 11, 2016 (13:15:34): 

Starting inUnit resolution phase


09, 11, 2016 (13:15:34): 

Finished inUnit resolution phase


09, 11, 2016 (13:15:34): 
 Finished loading C:\Users\guilherme\Documents\University\Current Semester\ES770\model\ES770\ES770_rpy\Encoder_A.cmp on Sunday, September 11, 2016 (13:15:34).-

09, 11, 2016 (13:15:34): Opening rpy file C:\Users\guilherme\Documents\University\Current Semester\ES770\model\ES770\ES770_rpy\IR_Array.cmp
09, 11, 2016 (13:15:34): 
 Started loading C:\Users\guilherme\Documents\University\Current Semester\ES770\model\ES770\ES770_rpy\IR_Array.cmp on Sunday, September 11, 2016 (13:15:34).-

09, 11, 2016 (13:15:34): 

Starting inUnit resolution phase


09, 11, 2016 (13:15:34): 

Finished inUnit resolution phase


09, 11, 2016 (13:15:34): 
 Finished loading C:\Users\guilherme\Documents\University\Current Semester\ES770\model\ES770\ES770_rpy\IR_Array.cmp on Sunday, September 11, 2016 (13:15:34).-

09, 11, 2016 (13:15:34): Opening rpy file C:\Users\guilherme\Documents\University\Current Semester\ES770\model\ES770\ES770_rpy\Encoder_B.cmp
09, 11, 2016 (13:15:34): 
 Started loading C:\Users\guilherme\Documents\University\Current Semester\ES770\model\ES770\ES770_rpy\Encoder_B.cmp on Sunday, September 11, 2016 (13:15:34).-

09, 11, 2016 (13:15:34): 

Starting inUnit resolution phase


09, 11, 2016 (13:15:34): 

Finished inUnit resolution phase


09, 11, 2016 (13:15:34): 
 Finished loading C:\Users\guilherme\Documents\University\Current Semester\ES770\model\ES770\ES770_rpy\Encoder_B.cmp on Sunday, September 11, 2016 (13:15:34).-

09, 11, 2016 (13:15:34): Opening rpy file C:\Users\guilherme\Documents\University\Current Semester\ES770\model\ES770\ES770_rpy\Motor_A.cmp
09, 11, 2016 (13:15:34): 
 Started loading C:\Users\guilherme\Documents\University\Current Semester\ES770\model\ES770\ES770_rpy\Motor_A.cmp on Sunday, September 11, 2016 (13:15:34).-

09, 11, 2016 (13:15:34): 

Starting inUnit resolution phase


09, 11, 2016 (13:15:34): 

Finished inUnit resolution phase


09, 11, 2016 (13:15:34): 
 Finished loading C:\Users\guilherme\Documents\University\Current Semester\ES770\model\ES770\ES770_rpy\Motor_A.cmp on Sunday, September 11, 2016 (13:15:34).-

09, 11, 2016 (13:15:34): Opening rpy file C:\Users\guilherme\Documents\University\Current Semester\ES770\model\ES770\ES770_rpy\Motor_B.cmp
09, 11, 2016 (13:15:34): 
 Started loading C:\Users\guilherme\Documents\University\Current Semester\ES770\model\ES770\ES770_rpy\Motor_B.cmp on Sunday, September 11, 2016 (13:15:34).-

09, 11, 2016 (13:15:34): 

Starting inUnit resolution phase


09, 11, 2016 (13:15:34): 

Finished inUnit resolution phase


09, 11, 2016 (13:15:34): 
 Finished loading C:\Users\guilherme\Documents\University\Current Semester\ES770\model\ES770\ES770_rpy\Motor_B.cmp on Sunday, September 11, 2016 (13:15:34).-

09, 11, 2016 (13:15:34): Opening rpy file C:\Users\guilherme\Documents\University\Current Semester\ES770\model\ES770\ES770_rpy\Driver.cmp
09, 11, 2016 (13:15:34): 
 Started loading C:\Users\guilherme\Documents\University\Current Semester\ES770\model\ES770\ES770_rpy\Driver.cmp on Sunday, September 11, 2016 (13:15:34).-

09, 11, 2016 (13:15:34): 

Starting inUnit resolution phase


09, 11, 2016 (13:15:34): 

Finished inUnit resolution phase


09, 11, 2016 (13:15:34): 
 Finished loading C:\Users\guilherme\Documents\University\Current Semester\ES770\model\ES770\ES770_rpy\Driver.cmp on Sunday, September 11, 2016 (13:15:34).-

09, 11, 2016 (13:15:34): Opening rpy file C:\Users\guilherme\Documents\University\Current Semester\ES770\model\ES770\ES770_rpy\Regulator_5V.cmp
09, 11, 2016 (13:15:34): 
 Started loading C:\Users\guilherme\Documents\University\Current Semester\ES770\model\ES770\ES770_rpy\Regulator_5V.cmp on Sunday, September 11, 2016 (13:15:34).-

09, 11, 2016 (13:15:34): Opening rpy file C:\Users\guilherme\Documents\University\Current Semester\ES770\model\ES770\ES770_rpy\Battery.cmp
09, 11, 2016 (13:15:34): 
 Started loading C:\Users\guilherme\Documents\University\Current Semester\ES770\model\ES770\ES770_rpy\Battery.cmp on Sunday, September 11, 2016 (13:15:34).-

09, 11, 2016 (13:15:34): 

Starting inUnit resolution phase


09, 11, 2016 (13:15:34): 

Finished inUnit resolution phase


09, 11, 2016 (13:15:34): 
 Finished loading C:\Users\guilherme\Documents\University\Current Semester\ES770\model\ES770\ES770_rpy\Battery.cmp on Sunday, September 11, 2016 (13:15:34).-

09, 11, 2016 (13:15:34): 

Starting inUnit resolution phase


09, 11, 2016 (13:15:34): 

Finished inUnit resolution phase


09, 11, 2016 (13:15:34): 
 Finished loading C:\Users\guilherme\Documents\University\Current Semester\ES770\model\ES770\ES770_rpy\Regulator_5V.cmp on Sunday, September 11, 2016 (13:15:34).-

09, 11, 2016 (13:15:34): 

Starting inUnit resolution phase


09, 11, 2016 (13:15:34): 

Finished inUnit resolution phase


09, 11, 2016 (13:15:34): 

Starting inUnit resolution phase


09, 11, 2016 (13:15:34): 

Finished inUnit resolution phase


09, 11, 2016 (13:15:34): 

Starting inUnit resolution phase


09, 11, 2016 (13:15:34): 

Finished inUnit resolution phase


09, 11, 2016 (13:15:34): 
 Finished loading C:\Users\guilherme\Documents\University\Current Semester\ES770\model\ES770\ES770.rpy on Sunday, September 11, 2016 (13:15:34).-

09, 11, 2016 (13:15:34): Starting checks of EventsBaseID conflicts
09, 11, 2016 (13:15:34): Finished checks of EventsBaseID conflicts
09, 11, 2016 (13:15:34): End Log
