09, 09, 2016 (19:29:15): UR named: package_diagram, of type IDiagram, and ID: 604328de-2202-48b3-9d1a-353bbeb75331 was created. Owned by the ES770 Project.
09, 09, 2016 (19:29:15): UR named: definition_diagram, of type IDiagram, and ID: f53d507c-79b1-4f7f-850a-0c96a124e9bd was created. Owned by the ES770 Project.
09, 09, 2016 (19:29:15): UR named: Final_Project, of type ISubsystem, and ID: 00000000-0000-0000-0000-000000000000 was created. Owned by the ES770 Project.
09, 09, 2016 (19:29:15): UR named: stdlib, of type IClass, and ID: 579689f1-435b-460b-9240-949970fdee53 was created. Owned by the Final_Project Package.
09, 09, 2016 (19:29:29): UR named: package_diagram, of type IDiagram, and ID: 604328de-2202-48b3-9d1a-353bbeb75331 was created. Owned by the ES770 Project.
09, 09, 2016 (19:29:29): UR named: definition_diagram, of type IDiagram, and ID: f53d507c-79b1-4f7f-850a-0c96a124e9bd was created. Owned by the ES770 Project.
09, 09, 2016 (19:29:29): UR named: Final_Project, of type ISubsystem, and ID: 00000000-0000-0000-0000-000000000000 was created. Owned by the ES770 Project.
09, 09, 2016 (19:29:30): UR named: stdlib, of type IClass, and ID: 579689f1-435b-460b-9240-949970fdee53 was created. Owned by the Final_Project Package.
09, 09, 2016 (19:29:30): UR named: C_define, of type IStereotype, and ID: 4560e55a-2a71-451f-b5bd-262ac189ac08 was created. Owned by the Sources Package.
09, 09, 2016 (19:29:30): UR named: target_definitions, of type ISubsystem, and ID: 00000000-0000-0000-0000-000000000000 was created. Owned by the hal Package.
09, 09, 2016 (19:29:30): UR named: target_pins, of type IClass, and ID: 74626c5b-12fe-4812-8292-c72f81e79564 was created. Owned by the target_definitions Package.
09, 09, 2016 (19:29:30): UR named: fsl_gpio_hal, of type IClass, and ID: eaf96d3b-6e84-4516-8c0c-f3ce97a4d67b was created. Owned by the Final_Project Package.
09, 09, 2016 (19:29:30): UR named: fsl_interrupt_manager, of type IClass, and ID: b57f139d-e8b1-4031-89ee-0cc10bfebb00 was created. Owned by the Final_Project Package.
09, 09, 2016 (19:29:30): UR named: fsl_tpm_driver, of type IClass, and ID: 12d4b1b6-2ee8-43a3-8b4b-366f6cdb0cdf was created. Owned by the Final_Project Package.
09, 09, 2016 (19:29:30): UR named: fsl_tpm_hal, of type IClass, and ID: adc41eed-069a-487b-8384-888b18b15826 was created. Owned by the Final_Project Package.
09, 09, 2016 (19:29:30): UR named: fsl_pwm_driver, of type IClass, and ID: 28b0b50e-d670-4ee0-bc7a-7962c3756450 was created. Owned by the Final_Project Package.
09, 09, 2016 (19:29:35): UR named: package_diagram, of type IDiagram, and ID: 604328de-2202-48b3-9d1a-353bbeb75331 was created. Owned by the ES770 Project.
09, 09, 2016 (19:29:35): UR named: definition_diagram, of type IDiagram, and ID: f53d507c-79b1-4f7f-850a-0c96a124e9bd was created. Owned by the ES770 Project.
09, 09, 2016 (19:29:35): UR named: Final_Project, of type ISubsystem, and ID: 00000000-0000-0000-0000-000000000000 was created. Owned by the ES770 Project.
09, 09, 2016 (19:29:35): UR named: stdlib, of type IClass, and ID: 579689f1-435b-460b-9240-949970fdee53 was created. Owned by the Final_Project Package.
09, 09, 2016 (19:29:35): UR named: C_define, of type IStereotype, and ID: 4560e55a-2a71-451f-b5bd-262ac189ac08 was created. Owned by the Sources Package.
09, 09, 2016 (19:29:35): UR named: target_definitions, of type ISubsystem, and ID: 00000000-0000-0000-0000-000000000000 was created. Owned by the hal Package.
09, 09, 2016 (19:29:35): UR named: target_pins, of type IClass, and ID: 74626c5b-12fe-4812-8292-c72f81e79564 was created. Owned by the target_definitions Package.
09, 09, 2016 (19:29:35): UR named: fsl_gpio_hal, of type IClass, and ID: eaf96d3b-6e84-4516-8c0c-f3ce97a4d67b was created. Owned by the Final_Project Package.
09, 09, 2016 (19:29:35): UR named: fsl_interrupt_manager, of type IClass, and ID: b57f139d-e8b1-4031-89ee-0cc10bfebb00 was created. Owned by the Final_Project Package.
09, 09, 2016 (19:29:35): UR named: fsl_tpm_driver, of type IClass, and ID: 12d4b1b6-2ee8-43a3-8b4b-366f6cdb0cdf was created. Owned by the Final_Project Package.
09, 09, 2016 (19:29:35): UR named: fsl_tpm_hal, of type IClass, and ID: adc41eed-069a-487b-8384-888b18b15826 was created. Owned by the Final_Project Package.
09, 09, 2016 (19:29:35): UR named: fsl_pwm_driver, of type IClass, and ID: 28b0b50e-d670-4ee0-bc7a-7962c3756450 was created. Owned by the Final_Project Package.
09, 09, 2016 (19:29:35): UR named: fsl_clock_manager, of type IClass, and ID: 08c1aede-ca9f-4ad1-a5c3-258b424cd52a was created. Owned by the Final_Project Package.
09, 09, 2016 (19:29:35): UR named: fsl_port_hal, of type IClass, and ID: 1ea38ca5-80a9-4f47-80f1-d13c37181ab9 was created. Owned by the Final_Project Package.
09, 09, 2016 (19:29:37): UR named: package_diagram, of type IDiagram, and ID: 604328de-2202-48b3-9d1a-353bbeb75331 was created. Owned by the ES770 Project.
09, 09, 2016 (19:29:37): UR named: definition_diagram, of type IDiagram, and ID: f53d507c-79b1-4f7f-850a-0c96a124e9bd was created. Owned by the ES770 Project.
09, 09, 2016 (19:29:37): UR named: Final_Project, of type ISubsystem, and ID: 00000000-0000-0000-0000-000000000000 was created. Owned by the ES770 Project.
09, 09, 2016 (19:29:37): UR named: stdlib, of type IClass, and ID: 579689f1-435b-460b-9240-949970fdee53 was created. Owned by the Final_Project Package.
09, 09, 2016 (19:29:37): UR named: C_define, of type IStereotype, and ID: 4560e55a-2a71-451f-b5bd-262ac189ac08 was created. Owned by the Sources Package.
09, 09, 2016 (19:29:37): UR named: target_definitions, of type ISubsystem, and ID: 00000000-0000-0000-0000-000000000000 was created. Owned by the hal Package.
09, 09, 2016 (19:29:37): UR named: target_pins, of type IClass, and ID: 74626c5b-12fe-4812-8292-c72f81e79564 was created. Owned by the target_definitions Package.
09, 09, 2016 (19:29:37): UR named: fsl_gpio_hal, of type IClass, and ID: eaf96d3b-6e84-4516-8c0c-f3ce97a4d67b was created. Owned by the Final_Project Package.
09, 09, 2016 (19:29:37): UR named: fsl_interrupt_manager, of type IClass, and ID: b57f139d-e8b1-4031-89ee-0cc10bfebb00 was created. Owned by the Final_Project Package.
09, 09, 2016 (19:29:37): UR named: fsl_tpm_driver, of type IClass, and ID: 12d4b1b6-2ee8-43a3-8b4b-366f6cdb0cdf was created. Owned by the Final_Project Package.
09, 09, 2016 (19:29:37): UR named: fsl_tpm_hal, of type IClass, and ID: adc41eed-069a-487b-8384-888b18b15826 was created. Owned by the Final_Project Package.
09, 09, 2016 (19:29:37): UR named: fsl_pwm_driver, of type IClass, and ID: 28b0b50e-d670-4ee0-bc7a-7962c3756450 was created. Owned by the Final_Project Package.
09, 09, 2016 (19:29:37): UR named: fsl_clock_manager, of type IClass, and ID: 08c1aede-ca9f-4ad1-a5c3-258b424cd52a was created. Owned by the Final_Project Package.
09, 09, 2016 (19:29:37): UR named: fsl_port_hal, of type IClass, and ID: 1ea38ca5-80a9-4f47-80f1-d13c37181ab9 was created. Owned by the Final_Project Package.
09, 09, 2016 (19:29:37): UR named: fsl_smc_hal, of type IClass, and ID: 82bdbb67-6156-4f36-8fde-ac0769bfa6a1 was created. Owned by the Final_Project Package.
09, 09, 2016 (19:29:37): UR named: fsl_debug_console, of type IClass, and ID: 8f05cbf7-9821-4d46-8dd7-e280a936a2f0 was created. Owned by the Final_Project Package.
09, 09, 2016 (19:29:39): UR named: package_diagram, of type IDiagram, and ID: 604328de-2202-48b3-9d1a-353bbeb75331 was created. Owned by the ES770 Project.
09, 09, 2016 (19:29:39): UR named: definition_diagram, of type IDiagram, and ID: f53d507c-79b1-4f7f-850a-0c96a124e9bd was created. Owned by the ES770 Project.
09, 09, 2016 (19:29:39): UR named: Final_Project, of type ISubsystem, and ID: 00000000-0000-0000-0000-000000000000 was created. Owned by the ES770 Project.
09, 09, 2016 (19:29:39): UR named: stdlib, of type IClass, and ID: 579689f1-435b-460b-9240-949970fdee53 was created. Owned by the Final_Project Package.
09, 09, 2016 (19:29:39): UR named: C_define, of type IStereotype, and ID: 4560e55a-2a71-451f-b5bd-262ac189ac08 was created. Owned by the Sources Package.
09, 09, 2016 (19:29:39): UR named: target_definitions, of type ISubsystem, and ID: 00000000-0000-0000-0000-000000000000 was created. Owned by the hal Package.
09, 09, 2016 (19:29:39): UR named: target_pins, of type IClass, and ID: 74626c5b-12fe-4812-8292-c72f81e79564 was created. Owned by the target_definitions Package.
09, 09, 2016 (19:29:39): UR named: fsl_gpio_hal, of type IClass, and ID: eaf96d3b-6e84-4516-8c0c-f3ce97a4d67b was created. Owned by the Final_Project Package.
09, 09, 2016 (19:29:39): UR named: fsl_interrupt_manager, of type IClass, and ID: b57f139d-e8b1-4031-89ee-0cc10bfebb00 was created. Owned by the Final_Project Package.
09, 09, 2016 (19:29:39): UR named: fsl_tpm_driver, of type IClass, and ID: 12d4b1b6-2ee8-43a3-8b4b-366f6cdb0cdf was created. Owned by the Final_Project Package.
09, 09, 2016 (19:29:39): UR named: fsl_tpm_hal, of type IClass, and ID: adc41eed-069a-487b-8384-888b18b15826 was created. Owned by the Final_Project Package.
09, 09, 2016 (19:29:39): UR named: fsl_pwm_driver, of type IClass, and ID: 28b0b50e-d670-4ee0-bc7a-7962c3756450 was created. Owned by the Final_Project Package.
09, 09, 2016 (19:29:39): UR named: fsl_clock_manager, of type IClass, and ID: 08c1aede-ca9f-4ad1-a5c3-258b424cd52a was created. Owned by the Final_Project Package.
09, 09, 2016 (19:29:39): UR named: fsl_port_hal, of type IClass, and ID: 1ea38ca5-80a9-4f47-80f1-d13c37181ab9 was created. Owned by the Final_Project Package.
09, 09, 2016 (19:29:39): UR named: fsl_smc_hal, of type IClass, and ID: 82bdbb67-6156-4f36-8fde-ac0769bfa6a1 was created. Owned by the Final_Project Package.
09, 09, 2016 (19:29:39): UR named: fsl_debug_console, of type IClass, and ID: 8f05cbf7-9821-4d46-8dd7-e280a936a2f0 was created. Owned by the Final_Project Package.
09, 09, 2016 (19:29:42): UR named: package_diagram, of type IDiagram, and ID: 604328de-2202-48b3-9d1a-353bbeb75331 was created. Owned by the ES770 Project.
09, 09, 2016 (19:29:42): UR named: definition_diagram, of type IDiagram, and ID: f53d507c-79b1-4f7f-850a-0c96a124e9bd was created. Owned by the ES770 Project.
09, 09, 2016 (19:29:42): UR named: Final_Project, of type ISubsystem, and ID: 00000000-0000-0000-0000-000000000000 was created. Owned by the ES770 Project.
09, 09, 2016 (19:29:42): UR named: stdlib, of type IClass, and ID: 579689f1-435b-460b-9240-949970fdee53 was created. Owned by the Final_Project Package.
09, 09, 2016 (19:29:42): UR named: C_define, of type IStereotype, and ID: 4560e55a-2a71-451f-b5bd-262ac189ac08 was created. Owned by the Sources Package.
09, 09, 2016 (19:29:42): UR named: fsl_gpio_hal, of type IClass, and ID: eaf96d3b-6e84-4516-8c0c-f3ce97a4d67b was created. Owned by the Final_Project Package.
09, 09, 2016 (19:29:42): UR named: fsl_interrupt_manager, of type IClass, and ID: b57f139d-e8b1-4031-89ee-0cc10bfebb00 was created. Owned by the Final_Project Package.
09, 09, 2016 (19:29:42): UR named: fsl_tpm_driver, of type IClass, and ID: 12d4b1b6-2ee8-43a3-8b4b-366f6cdb0cdf was created. Owned by the Final_Project Package.
09, 09, 2016 (19:29:42): UR named: fsl_tpm_hal, of type IClass, and ID: adc41eed-069a-487b-8384-888b18b15826 was created. Owned by the Final_Project Package.
09, 09, 2016 (19:29:42): UR named: fsl_pwm_driver, of type IClass, and ID: 28b0b50e-d670-4ee0-bc7a-7962c3756450 was created. Owned by the Final_Project Package.
09, 09, 2016 (19:29:42): UR named: fsl_clock_manager, of type IClass, and ID: 08c1aede-ca9f-4ad1-a5c3-258b424cd52a was created. Owned by the Final_Project Package.
09, 09, 2016 (19:29:42): UR named: fsl_port_hal, of type IClass, and ID: 1ea38ca5-80a9-4f47-80f1-d13c37181ab9 was created. Owned by the Final_Project Package.
09, 09, 2016 (19:29:42): UR named: fsl_smc_hal, of type IClass, and ID: 82bdbb67-6156-4f36-8fde-ac0769bfa6a1 was created. Owned by the Final_Project Package.
09, 09, 2016 (19:29:42): UR named: fsl_debug_console, of type IClass, and ID: 8f05cbf7-9821-4d46-8dd7-e280a936a2f0 was created. Owned by the Final_Project Package.
09, 09, 2016 (19:29:42): UR named: File, of type IStereotype, and ID: bdee0ab5-d5a0-4569-8f02-ac8f107b96c3 was created. Owned by the Final_Project Package.
09, 09, 2016 (19:29:42): UR named: MKL25Z4, of type IClass, and ID: d32248dd-74d9-479b-b8a9-cc8ac7ccc303 was created. Owned by the Final_Project Package.
09, 09, 2016 (19:29:44): UR named: package_diagram, of type IDiagram, and ID: 604328de-2202-48b3-9d1a-353bbeb75331 was created. Owned by the ES770 Project.
09, 09, 2016 (19:29:44): UR named: definition_diagram, of type IDiagram, and ID: f53d507c-79b1-4f7f-850a-0c96a124e9bd was created. Owned by the ES770 Project.
09, 09, 2016 (19:29:44): UR named: Final_Project, of type ISubsystem, and ID: 00000000-0000-0000-0000-000000000000 was created. Owned by the ES770 Project.
09, 09, 2016 (19:29:44): UR named: stdlib, of type IClass, and ID: 579689f1-435b-460b-9240-949970fdee53 was created. Owned by the Final_Project Package.
09, 09, 2016 (19:29:44): UR named: C_define, of type IStereotype, and ID: 4560e55a-2a71-451f-b5bd-262ac189ac08 was created. Owned by the Sources Package.
09, 09, 2016 (19:29:44): UR named: fsl_gpio_hal, of type IClass, and ID: eaf96d3b-6e84-4516-8c0c-f3ce97a4d67b was created. Owned by the Final_Project Package.
09, 09, 2016 (19:29:44): UR named: fsl_interrupt_manager, of type IClass, and ID: b57f139d-e8b1-4031-89ee-0cc10bfebb00 was created. Owned by the Final_Project Package.
09, 09, 2016 (19:29:44): UR named: fsl_tpm_driver, of type IClass, and ID: 12d4b1b6-2ee8-43a3-8b4b-366f6cdb0cdf was created. Owned by the Final_Project Package.
09, 09, 2016 (19:29:44): UR named: fsl_tpm_hal, of type IClass, and ID: adc41eed-069a-487b-8384-888b18b15826 was created. Owned by the Final_Project Package.
09, 09, 2016 (19:29:44): UR named: fsl_pwm_driver, of type IClass, and ID: 28b0b50e-d670-4ee0-bc7a-7962c3756450 was created. Owned by the Final_Project Package.
09, 09, 2016 (19:29:44): UR named: fsl_clock_manager, of type IClass, and ID: 08c1aede-ca9f-4ad1-a5c3-258b424cd52a was created. Owned by the Final_Project Package.
09, 09, 2016 (19:29:44): UR named: fsl_port_hal, of type IClass, and ID: 1ea38ca5-80a9-4f47-80f1-d13c37181ab9 was created. Owned by the Final_Project Package.
09, 09, 2016 (19:29:44): UR named: fsl_smc_hal, of type IClass, and ID: 82bdbb67-6156-4f36-8fde-ac0769bfa6a1 was created. Owned by the Final_Project Package.
09, 09, 2016 (19:29:44): UR named: fsl_debug_console, of type IClass, and ID: 8f05cbf7-9821-4d46-8dd7-e280a936a2f0 was created. Owned by the Final_Project Package.
09, 09, 2016 (19:29:44): UR named: File, of type IStereotype, and ID: bdee0ab5-d5a0-4569-8f02-ac8f107b96c3 was created. Owned by the Final_Project Package.
09, 09, 2016 (19:29:44): UR named: MKL25Z4, of type IClass, and ID: d32248dd-74d9-479b-b8a9-cc8ac7ccc303 was created. Owned by the Final_Project Package.
09, 09, 2016 (19:29:47): UR named: package_diagram, of type IDiagram, and ID: 604328de-2202-48b3-9d1a-353bbeb75331 was created. Owned by the ES770 Project.
09, 09, 2016 (19:29:47): UR named: definition_diagram, of type IDiagram, and ID: f53d507c-79b1-4f7f-850a-0c96a124e9bd was created. Owned by the ES770 Project.
09, 09, 2016 (19:29:47): UR named: Final_Project, of type ISubsystem, and ID: 00000000-0000-0000-0000-000000000000 was created. Owned by the ES770 Project.
09, 09, 2016 (19:29:47): UR named: stdlib, of type IClass, and ID: 579689f1-435b-460b-9240-949970fdee53 was created. Owned by the Final_Project Package.
09, 09, 2016 (19:29:47): UR named: C_define, of type IStereotype, and ID: 4560e55a-2a71-451f-b5bd-262ac189ac08 was created. Owned by the Sources Package.
09, 09, 2016 (19:29:47): UR named: fsl_gpio_hal, of type IClass, and ID: eaf96d3b-6e84-4516-8c0c-f3ce97a4d67b was created. Owned by the Final_Project Package.
09, 09, 2016 (19:29:47): UR named: fsl_interrupt_manager, of type IClass, and ID: b57f139d-e8b1-4031-89ee-0cc10bfebb00 was created. Owned by the Final_Project Package.
09, 09, 2016 (19:29:47): UR named: fsl_tpm_driver, of type IClass, and ID: 12d4b1b6-2ee8-43a3-8b4b-366f6cdb0cdf was created. Owned by the Final_Project Package.
09, 09, 2016 (19:29:47): UR named: fsl_tpm_hal, of type IClass, and ID: adc41eed-069a-487b-8384-888b18b15826 was created. Owned by the Final_Project Package.
09, 09, 2016 (19:29:47): UR named: fsl_pwm_driver, of type IClass, and ID: 28b0b50e-d670-4ee0-bc7a-7962c3756450 was created. Owned by the Final_Project Package.
09, 09, 2016 (19:29:47): UR named: fsl_clock_manager, of type IClass, and ID: 08c1aede-ca9f-4ad1-a5c3-258b424cd52a was created. Owned by the Final_Project Package.
09, 09, 2016 (19:29:47): UR named: fsl_port_hal, of type IClass, and ID: 1ea38ca5-80a9-4f47-80f1-d13c37181ab9 was created. Owned by the Final_Project Package.
09, 09, 2016 (19:29:47): UR named: fsl_smc_hal, of type IClass, and ID: 82bdbb67-6156-4f36-8fde-ac0769bfa6a1 was created. Owned by the Final_Project Package.
09, 09, 2016 (19:29:47): UR named: fsl_debug_console, of type IClass, and ID: 8f05cbf7-9821-4d46-8dd7-e280a936a2f0 was created. Owned by the Final_Project Package.
09, 09, 2016 (19:29:47): UR named: File, of type IStereotype, and ID: bdee0ab5-d5a0-4569-8f02-ac8f107b96c3 was created. Owned by the Final_Project Package.
09, 09, 2016 (19:29:47): UR named: MKL25Z4, of type IClass, and ID: d32248dd-74d9-479b-b8a9-cc8ac7ccc303 was created. Owned by the Final_Project Package.
09, 09, 2016 (19:32:53): UR named: package_diagram, of type IDiagram, and ID: 604328de-2202-48b3-9d1a-353bbeb75331 was created. Owned by the ES770 Project.
09, 09, 2016 (19:32:53): UR named: definition_diagram, of type IDiagram, and ID: f53d507c-79b1-4f7f-850a-0c96a124e9bd was created. Owned by the ES770 Project.
09, 09, 2016 (19:32:53): UR named: C_define, of type IStereotype, and ID: 4560e55a-2a71-451f-b5bd-262ac189ac08 was created. Owned by the Sources Package.
09, 09, 2016 (19:32:53): UR named: systemwide_diagram, of type IDiagram, and ID: faa5f56b-4d52-441e-886b-10954aeebd61 was created. Owned by the ES770 Project.
09, 09, 2016 (19:32:53): UR named: Driver, of type IComponent, and ID: 213206af-015c-41b0-acff-d119203c9abf was created. Owned by the ES770 Project.
09, 09, 2016 (19:32:53): UR named: Motor, of type IComponent, and ID: 74ce5ee9-edd0-4a4d-a765-5319cad6aa8e was created. Owned by the ES770 Project.
09, 09, 2016 (19:32:53): UR named: Encoder, of type IComponent, and ID: ebbcc1e1-fba1-4c18-b67f-93b3441ed079 was created. Owned by the ES770 Project.
09, 09, 2016 (19:32:53): UR named: PowerSupply_12V, of type IComponent, and ID: 88a7a51b-355c-4870-906d-9393f79cf1fe was created. Owned by the ES770 Project.
09, 09, 2016 (19:32:53): UR named: Host_Interface, of type IComponent, and ID: 0e52124a-e789-4058-8ffe-313e31fb1a1a was created. Owned by the ES770 Project.
09, 09, 2016 (19:36:49): UR named: package_diagram, of type IDiagram, and ID: 604328de-2202-48b3-9d1a-353bbeb75331 was created. Owned by the ES770 Project.
09, 09, 2016 (19:36:49): UR named: definition_diagram, of type IDiagram, and ID: f53d507c-79b1-4f7f-850a-0c96a124e9bd was created. Owned by the ES770 Project.
09, 09, 2016 (19:36:49): UR named: stdlib, of type IClass, and ID: 579689f1-435b-460b-9240-949970fdee53 was created. Owned by the Final_Project Package.
09, 09, 2016 (19:37:05): UR named: package_diagram, of type IDiagram, and ID: 604328de-2202-48b3-9d1a-353bbeb75331 was created. Owned by the ES770 Project.
09, 09, 2016 (19:37:05): UR named: definition_diagram, of type IDiagram, and ID: f53d507c-79b1-4f7f-850a-0c96a124e9bd was created. Owned by the ES770 Project.
09, 09, 2016 (19:37:05): UR named: stdlib, of type IClass, and ID: 579689f1-435b-460b-9240-949970fdee53 was created. Owned by the Final_Project Package.
09, 09, 2016 (19:37:05): UR named: C_define, of type IStereotype, and ID: 4560e55a-2a71-451f-b5bd-262ac189ac08 was created. Owned by the Sources Package.
09, 09, 2016 (19:37:05): UR named: target_pins, of type IClass, and ID: 74626c5b-12fe-4812-8292-c72f81e79564 was created. Owned by the target_definitions Package.
09, 09, 2016 (19:37:05): UR named: fsl_gpio_hal, of type IClass, and ID: eaf96d3b-6e84-4516-8c0c-f3ce97a4d67b was created. Owned by the Final_Project Package.
09, 09, 2016 (19:37:05): UR named: fsl_interrupt_manager, of type IClass, and ID: b57f139d-e8b1-4031-89ee-0cc10bfebb00 was created. Owned by the Final_Project Package.
09, 09, 2016 (19:37:05): UR named: fsl_tpm_driver, of type IClass, and ID: 12d4b1b6-2ee8-43a3-8b4b-366f6cdb0cdf was created. Owned by the Final_Project Package.
09, 09, 2016 (19:37:05): UR named: fsl_tpm_hal, of type IClass, and ID: adc41eed-069a-487b-8384-888b18b15826 was created. Owned by the Final_Project Package.
09, 09, 2016 (19:37:05): UR named: fsl_pwm_driver, of type IClass, and ID: 28b0b50e-d670-4ee0-bc7a-7962c3756450 was created. Owned by the Final_Project Package.
09, 09, 2016 (19:37:07): UR named: package_diagram, of type IDiagram, and ID: 604328de-2202-48b3-9d1a-353bbeb75331 was created. Owned by the ES770 Project.
09, 09, 2016 (19:37:07): UR named: definition_diagram, of type IDiagram, and ID: f53d507c-79b1-4f7f-850a-0c96a124e9bd was created. Owned by the ES770 Project.
09, 09, 2016 (19:37:07): UR named: stdlib, of type IClass, and ID: 579689f1-435b-460b-9240-949970fdee53 was created. Owned by the Final_Project Package.
09, 09, 2016 (19:37:07): UR named: C_define, of type IStereotype, and ID: 4560e55a-2a71-451f-b5bd-262ac189ac08 was created. Owned by the Sources Package.
09, 09, 2016 (19:37:07): UR named: target_pins, of type IClass, and ID: 74626c5b-12fe-4812-8292-c72f81e79564 was created. Owned by the target_definitions Package.
09, 09, 2016 (19:37:07): UR named: fsl_gpio_hal, of type IClass, and ID: eaf96d3b-6e84-4516-8c0c-f3ce97a4d67b was created. Owned by the Final_Project Package.
09, 09, 2016 (19:37:07): UR named: fsl_interrupt_manager, of type IClass, and ID: b57f139d-e8b1-4031-89ee-0cc10bfebb00 was created. Owned by the Final_Project Package.
09, 09, 2016 (19:37:07): UR named: fsl_tpm_driver, of type IClass, and ID: 12d4b1b6-2ee8-43a3-8b4b-366f6cdb0cdf was created. Owned by the Final_Project Package.
09, 09, 2016 (19:37:07): UR named: fsl_tpm_hal, of type IClass, and ID: adc41eed-069a-487b-8384-888b18b15826 was created. Owned by the Final_Project Package.
09, 09, 2016 (19:37:07): UR named: fsl_pwm_driver, of type IClass, and ID: 28b0b50e-d670-4ee0-bc7a-7962c3756450 was created. Owned by the Final_Project Package.
09, 09, 2016 (19:37:08): UR named: package_diagram, of type IDiagram, and ID: 604328de-2202-48b3-9d1a-353bbeb75331 was created. Owned by the ES770 Project.
09, 09, 2016 (19:37:08): UR named: definition_diagram, of type IDiagram, and ID: f53d507c-79b1-4f7f-850a-0c96a124e9bd was created. Owned by the ES770 Project.
09, 09, 2016 (19:37:08): UR named: stdlib, of type IClass, and ID: 579689f1-435b-460b-9240-949970fdee53 was created. Owned by the Final_Project Package.
09, 09, 2016 (19:37:08): UR named: C_define, of type IStereotype, and ID: 4560e55a-2a71-451f-b5bd-262ac189ac08 was created. Owned by the Sources Package.
09, 09, 2016 (19:37:08): UR named: target_pins, of type IClass, and ID: 74626c5b-12fe-4812-8292-c72f81e79564 was created. Owned by the target_definitions Package.
09, 09, 2016 (19:37:08): UR named: fsl_gpio_hal, of type IClass, and ID: eaf96d3b-6e84-4516-8c0c-f3ce97a4d67b was created. Owned by the Final_Project Package.
09, 09, 2016 (19:37:08): UR named: fsl_interrupt_manager, of type IClass, and ID: b57f139d-e8b1-4031-89ee-0cc10bfebb00 was created. Owned by the Final_Project Package.
09, 09, 2016 (19:37:08): UR named: fsl_tpm_driver, of type IClass, and ID: 12d4b1b6-2ee8-43a3-8b4b-366f6cdb0cdf was created. Owned by the Final_Project Package.
09, 09, 2016 (19:37:08): UR named: fsl_tpm_hal, of type IClass, and ID: adc41eed-069a-487b-8384-888b18b15826 was created. Owned by the Final_Project Package.
09, 09, 2016 (19:37:08): UR named: fsl_pwm_driver, of type IClass, and ID: 28b0b50e-d670-4ee0-bc7a-7962c3756450 was created. Owned by the Final_Project Package.
09, 09, 2016 (19:37:08): UR named: File, of type IStereotype, and ID: bdee0ab5-d5a0-4569-8f02-ac8f107b96c3 was created. Owned by the Final_Project Package.
09, 09, 2016 (19:37:09): UR named: package_diagram, of type IDiagram, and ID: 604328de-2202-48b3-9d1a-353bbeb75331 was created. Owned by the ES770 Project.
09, 09, 2016 (19:37:09): UR named: definition_diagram, of type IDiagram, and ID: f53d507c-79b1-4f7f-850a-0c96a124e9bd was created. Owned by the ES770 Project.
09, 09, 2016 (19:37:09): UR named: stdlib, of type IClass, and ID: 579689f1-435b-460b-9240-949970fdee53 was created. Owned by the Final_Project Package.
09, 09, 2016 (19:37:09): UR named: C_define, of type IStereotype, and ID: 4560e55a-2a71-451f-b5bd-262ac189ac08 was created. Owned by the Sources Package.
09, 09, 2016 (19:37:10): UR named: target_pins, of type IClass, and ID: 74626c5b-12fe-4812-8292-c72f81e79564 was created. Owned by the target_definitions Package.
09, 09, 2016 (19:37:10): UR named: fsl_gpio_hal, of type IClass, and ID: eaf96d3b-6e84-4516-8c0c-f3ce97a4d67b was created. Owned by the Final_Project Package.
09, 09, 2016 (19:37:10): UR named: fsl_interrupt_manager, of type IClass, and ID: b57f139d-e8b1-4031-89ee-0cc10bfebb00 was created. Owned by the Final_Project Package.
09, 09, 2016 (19:37:10): UR named: fsl_tpm_driver, of type IClass, and ID: 12d4b1b6-2ee8-43a3-8b4b-366f6cdb0cdf was created. Owned by the Final_Project Package.
09, 09, 2016 (19:37:10): UR named: fsl_tpm_hal, of type IClass, and ID: adc41eed-069a-487b-8384-888b18b15826 was created. Owned by the Final_Project Package.
09, 09, 2016 (19:37:10): UR named: fsl_pwm_driver, of type IClass, and ID: 28b0b50e-d670-4ee0-bc7a-7962c3756450 was created. Owned by the Final_Project Package.
09, 09, 2016 (19:37:10): UR named: fsl_clock_manager, of type IClass, and ID: 08c1aede-ca9f-4ad1-a5c3-258b424cd52a was created. Owned by the Final_Project Package.
09, 09, 2016 (19:37:10): UR named: fsl_port_hal, of type IClass, and ID: 1ea38ca5-80a9-4f47-80f1-d13c37181ab9 was created. Owned by the Final_Project Package.
09, 09, 2016 (19:37:10): UR named: fsl_smc_hal, of type IClass, and ID: 82bdbb67-6156-4f36-8fde-ac0769bfa6a1 was created. Owned by the Final_Project Package.
09, 09, 2016 (19:37:10): UR named: File, of type IStereotype, and ID: bdee0ab5-d5a0-4569-8f02-ac8f107b96c3 was created. Owned by the Final_Project Package.
09, 09, 2016 (19:37:36): UR named: package_diagram, of type IDiagram, and ID: 604328de-2202-48b3-9d1a-353bbeb75331 was created. Owned by the ES770 Project.
09, 09, 2016 (19:37:36): UR named: definition_diagram, of type IDiagram, and ID: f53d507c-79b1-4f7f-850a-0c96a124e9bd was created. Owned by the ES770 Project.
09, 09, 2016 (19:37:36): UR named: stdlib, of type IClass, and ID: 579689f1-435b-460b-9240-949970fdee53 was created. Owned by the Final_Project Package.
09, 09, 2016 (19:37:36): UR named: C_define, of type IStereotype, and ID: 4560e55a-2a71-451f-b5bd-262ac189ac08 was created. Owned by the Sources Package.
09, 09, 2016 (19:37:36): UR named: fsl_gpio_hal, of type IClass, and ID: eaf96d3b-6e84-4516-8c0c-f3ce97a4d67b was created. Owned by the Final_Project Package.
09, 09, 2016 (19:37:36): UR named: fsl_interrupt_manager, of type IClass, and ID: b57f139d-e8b1-4031-89ee-0cc10bfebb00 was created. Owned by the Final_Project Package.
09, 09, 2016 (19:37:36): UR named: fsl_tpm_driver, of type IClass, and ID: 12d4b1b6-2ee8-43a3-8b4b-366f6cdb0cdf was created. Owned by the Final_Project Package.
09, 09, 2016 (19:37:36): UR named: fsl_tpm_hal, of type IClass, and ID: adc41eed-069a-487b-8384-888b18b15826 was created. Owned by the Final_Project Package.
09, 09, 2016 (19:37:36): UR named: fsl_pwm_driver, of type IClass, and ID: 28b0b50e-d670-4ee0-bc7a-7962c3756450 was created. Owned by the Final_Project Package.
09, 09, 2016 (19:37:36): UR named: fsl_clock_manager, of type IClass, and ID: 08c1aede-ca9f-4ad1-a5c3-258b424cd52a was created. Owned by the Final_Project Package.
09, 09, 2016 (19:37:36): UR named: fsl_port_hal, of type IClass, and ID: 1ea38ca5-80a9-4f47-80f1-d13c37181ab9 was created. Owned by the Final_Project Package.
09, 09, 2016 (19:37:36): UR named: fsl_smc_hal, of type IClass, and ID: 82bdbb67-6156-4f36-8fde-ac0769bfa6a1 was created. Owned by the Final_Project Package.
09, 09, 2016 (19:37:36): UR named: File, of type IStereotype, and ID: bdee0ab5-d5a0-4569-8f02-ac8f107b96c3 was created. Owned by the Final_Project Package.
09, 09, 2016 (19:37:36): UR named: MKL25Z4, of type IClass, and ID: d32248dd-74d9-479b-b8a9-cc8ac7ccc303 was created. Owned by the Final_Project Package.
09, 09, 2016 (19:37:37): UR named: package_diagram, of type IDiagram, and ID: 604328de-2202-48b3-9d1a-353bbeb75331 was created. Owned by the ES770 Project.
09, 09, 2016 (19:37:37): UR named: definition_diagram, of type IDiagram, and ID: f53d507c-79b1-4f7f-850a-0c96a124e9bd was created. Owned by the ES770 Project.
09, 09, 2016 (19:37:37): UR named: stdlib, of type IClass, and ID: 579689f1-435b-460b-9240-949970fdee53 was created. Owned by the Final_Project Package.
09, 09, 2016 (19:37:37): UR named: C_define, of type IStereotype, and ID: 4560e55a-2a71-451f-b5bd-262ac189ac08 was created. Owned by the Sources Package.
09, 09, 2016 (19:37:37): UR named: fsl_gpio_hal, of type IClass, and ID: eaf96d3b-6e84-4516-8c0c-f3ce97a4d67b was created. Owned by the Final_Project Package.
09, 09, 2016 (19:37:37): UR named: fsl_interrupt_manager, of type IClass, and ID: b57f139d-e8b1-4031-89ee-0cc10bfebb00 was created. Owned by the Final_Project Package.
09, 09, 2016 (19:37:37): UR named: fsl_tpm_driver, of type IClass, and ID: 12d4b1b6-2ee8-43a3-8b4b-366f6cdb0cdf was created. Owned by the Final_Project Package.
09, 09, 2016 (19:37:37): UR named: fsl_tpm_hal, of type IClass, and ID: adc41eed-069a-487b-8384-888b18b15826 was created. Owned by the Final_Project Package.
09, 09, 2016 (19:37:37): UR named: fsl_pwm_driver, of type IClass, and ID: 28b0b50e-d670-4ee0-bc7a-7962c3756450 was created. Owned by the Final_Project Package.
09, 09, 2016 (19:37:37): UR named: fsl_clock_manager, of type IClass, and ID: 08c1aede-ca9f-4ad1-a5c3-258b424cd52a was created. Owned by the Final_Project Package.
09, 09, 2016 (19:37:37): UR named: fsl_port_hal, of type IClass, and ID: 1ea38ca5-80a9-4f47-80f1-d13c37181ab9 was created. Owned by the Final_Project Package.
09, 09, 2016 (19:37:37): UR named: fsl_smc_hal, of type IClass, and ID: 82bdbb67-6156-4f36-8fde-ac0769bfa6a1 was created. Owned by the Final_Project Package.
09, 09, 2016 (19:37:37): UR named: fsl_debug_console, of type IClass, and ID: 8f05cbf7-9821-4d46-8dd7-e280a936a2f0 was created. Owned by the Final_Project Package.
09, 09, 2016 (19:37:37): UR named: File, of type IStereotype, and ID: bdee0ab5-d5a0-4569-8f02-ac8f107b96c3 was created. Owned by the Final_Project Package.
09, 09, 2016 (19:37:37): UR named: MKL25Z4, of type IClass, and ID: d32248dd-74d9-479b-b8a9-cc8ac7ccc303 was created. Owned by the Final_Project Package.
09, 09, 2016 (19:37:38): UR named: package_diagram, of type IDiagram, and ID: 604328de-2202-48b3-9d1a-353bbeb75331 was created. Owned by the ES770 Project.
09, 09, 2016 (19:37:38): UR named: definition_diagram, of type IDiagram, and ID: f53d507c-79b1-4f7f-850a-0c96a124e9bd was created. Owned by the ES770 Project.
09, 09, 2016 (19:37:38): UR named: stdlib, of type IClass, and ID: 579689f1-435b-460b-9240-949970fdee53 was created. Owned by the Final_Project Package.
09, 09, 2016 (19:37:38): UR named: C_define, of type IStereotype, and ID: 4560e55a-2a71-451f-b5bd-262ac189ac08 was created. Owned by the Sources Package.
09, 09, 2016 (19:37:38): UR named: fsl_gpio_hal, of type IClass, and ID: eaf96d3b-6e84-4516-8c0c-f3ce97a4d67b was created. Owned by the Final_Project Package.
09, 09, 2016 (19:37:38): UR named: fsl_interrupt_manager, of type IClass, and ID: b57f139d-e8b1-4031-89ee-0cc10bfebb00 was created. Owned by the Final_Project Package.
09, 09, 2016 (19:37:38): UR named: fsl_tpm_driver, of type IClass, and ID: 12d4b1b6-2ee8-43a3-8b4b-366f6cdb0cdf was created. Owned by the Final_Project Package.
09, 09, 2016 (19:37:38): UR named: fsl_tpm_hal, of type IClass, and ID: adc41eed-069a-487b-8384-888b18b15826 was created. Owned by the Final_Project Package.
09, 09, 2016 (19:37:38): UR named: fsl_pwm_driver, of type IClass, and ID: 28b0b50e-d670-4ee0-bc7a-7962c3756450 was created. Owned by the Final_Project Package.
09, 09, 2016 (19:37:38): UR named: fsl_clock_manager, of type IClass, and ID: 08c1aede-ca9f-4ad1-a5c3-258b424cd52a was created. Owned by the Final_Project Package.
09, 09, 2016 (19:37:38): UR named: fsl_port_hal, of type IClass, and ID: 1ea38ca5-80a9-4f47-80f1-d13c37181ab9 was created. Owned by the Final_Project Package.
09, 09, 2016 (19:37:38): UR named: fsl_smc_hal, of type IClass, and ID: 82bdbb67-6156-4f36-8fde-ac0769bfa6a1 was created. Owned by the Final_Project Package.
09, 09, 2016 (19:37:38): UR named: fsl_debug_console, of type IClass, and ID: 8f05cbf7-9821-4d46-8dd7-e280a936a2f0 was created. Owned by the Final_Project Package.
09, 09, 2016 (19:37:38): UR named: File, of type IStereotype, and ID: bdee0ab5-d5a0-4569-8f02-ac8f107b96c3 was created. Owned by the Final_Project Package.
09, 09, 2016 (19:37:38): UR named: MKL25Z4, of type IClass, and ID: d32248dd-74d9-479b-b8a9-cc8ac7ccc303 was created. Owned by the Final_Project Package.
09, 09, 2016 (19:37:41): UR named: package_diagram, of type IDiagram, and ID: 604328de-2202-48b3-9d1a-353bbeb75331 was created. Owned by the ES770 Project.
09, 09, 2016 (19:37:41): UR named: definition_diagram, of type IDiagram, and ID: f53d507c-79b1-4f7f-850a-0c96a124e9bd was created. Owned by the ES770 Project.
09, 09, 2016 (19:37:41): UR named: C_define, of type IStereotype, and ID: 4560e55a-2a71-451f-b5bd-262ac189ac08 was created. Owned by the Sources Package.
09, 09, 2016 (19:37:41): UR named: systemwide_diagram, of type IDiagram, and ID: faa5f56b-4d52-441e-886b-10954aeebd61 was created. Owned by the ES770 Project.
09, 09, 2016 (19:37:41): UR named: Driver, of type IComponent, and ID: 213206af-015c-41b0-acff-d119203c9abf was created. Owned by the ES770 Project.
09, 09, 2016 (19:37:41): UR named: Motor, of type IComponent, and ID: 74ce5ee9-edd0-4a4d-a765-5319cad6aa8e was created. Owned by the ES770 Project.
09, 09, 2016 (19:37:41): UR named: Encoder, of type IComponent, and ID: ebbcc1e1-fba1-4c18-b67f-93b3441ed079 was created. Owned by the ES770 Project.
09, 09, 2016 (19:37:41): UR named: PowerSupply_12V, of type IComponent, and ID: 88a7a51b-355c-4870-906d-9393f79cf1fe was created. Owned by the ES770 Project.
09, 09, 2016 (19:37:41): UR named: Host_Interface, of type IComponent, and ID: 0e52124a-e789-4058-8ffe-313e31fb1a1a was created. Owned by the ES770 Project.
09, 09, 2016 (19:37:46): UR named: package_diagram, of type IDiagram, and ID: 604328de-2202-48b3-9d1a-353bbeb75331 was created. Owned by the ES770 Project.
09, 09, 2016 (19:37:46): UR named: definition_diagram, of type IDiagram, and ID: f53d507c-79b1-4f7f-850a-0c96a124e9bd was created. Owned by the ES770 Project.
09, 09, 2016 (19:37:46): UR named: C_define, of type IStereotype, and ID: 4560e55a-2a71-451f-b5bd-262ac189ac08 was created. Owned by the Sources Package.
09, 09, 2016 (19:37:46): UR named: systemwide_diagram, of type IDiagram, and ID: faa5f56b-4d52-441e-886b-10954aeebd61 was created. Owned by the ES770 Project.
09, 09, 2016 (19:37:46): UR named: Driver, of type IComponent, and ID: 213206af-015c-41b0-acff-d119203c9abf was created. Owned by the ES770 Project.
09, 09, 2016 (19:37:46): UR named: Motor, of type IComponent, and ID: 74ce5ee9-edd0-4a4d-a765-5319cad6aa8e was created. Owned by the ES770 Project.
09, 09, 2016 (19:37:46): UR named: Encoder, of type IComponent, and ID: ebbcc1e1-fba1-4c18-b67f-93b3441ed079 was created. Owned by the ES770 Project.
09, 09, 2016 (19:37:46): UR named: PowerSupply_12V, of type IComponent, and ID: 88a7a51b-355c-4870-906d-9393f79cf1fe was created. Owned by the ES770 Project.
09, 09, 2016 (19:37:46): UR named: Host_Interface, of type IComponent, and ID: 0e52124a-e789-4058-8ffe-313e31fb1a1a was created. Owned by the ES770 Project.
09, 09, 2016 (23:23:23): UR named: User, of type IActor, and ID: b67ae536-8378-4891-accd-8a8599ea6dfb was created. Owned by the Final_Project Package.
09, 09, 2016 (23:24:08): UR named: User, of type IActor, and ID: b67ae536-8378-4891-accd-8a8599ea6dfb was created. Owned by the Final_Project Package.
09, 09, 2016 (23:24:58): UR named: package_diagram, of type IDiagram, and ID: 604328de-2202-48b3-9d1a-353bbeb75331 was created. Owned by the ES770 Project.
09, 09, 2016 (23:24:58): UR named: definition_diagram, of type IDiagram, and ID: f53d507c-79b1-4f7f-850a-0c96a124e9bd was created. Owned by the ES770 Project.
09, 09, 2016 (23:24:58): UR named: stdlib, of type IClass, and ID: 579689f1-435b-460b-9240-949970fdee53 was created. Owned by the Final_Project Package.
09, 09, 2016 (23:24:58): UR named: User, of type IActor, and ID: b67ae536-8378-4891-accd-8a8599ea6dfb was created. Owned by the Final_Project Package.
09, 09, 2016 (23:27:15): UR named: package_diagram, of type IDiagram, and ID: 604328de-2202-48b3-9d1a-353bbeb75331 was created. Owned by the ES770 Project.
09, 09, 2016 (23:27:15): UR named: definition_diagram, of type IDiagram, and ID: f53d507c-79b1-4f7f-850a-0c96a124e9bd was created. Owned by the ES770 Project.
09, 09, 2016 (23:27:15): UR named: stdlib, of type IClass, and ID: 579689f1-435b-460b-9240-949970fdee53 was created. Owned by the Final_Project Package.
09, 09, 2016 (23:27:15): UR named: User, of type IActor, and ID: b67ae536-8378-4891-accd-8a8599ea6dfb was created. Owned by the Final_Project Package.
09, 09, 2016 (23:27:16): UR named: package_diagram, of type IDiagram, and ID: 604328de-2202-48b3-9d1a-353bbeb75331 was created. Owned by the ES770 Project.
09, 09, 2016 (23:27:16): UR named: definition_diagram, of type IDiagram, and ID: f53d507c-79b1-4f7f-850a-0c96a124e9bd was created. Owned by the ES770 Project.
09, 09, 2016 (23:27:16): UR named: stdlib, of type IClass, and ID: 579689f1-435b-460b-9240-949970fdee53 was created. Owned by the Final_Project Package.
09, 09, 2016 (23:27:16): UR named: File, of type IStereotype, and ID: bdee0ab5-d5a0-4569-8f02-ac8f107b96c3 was created. Owned by the Final_Project Package.
09, 09, 2016 (23:27:16): UR named: User, of type IActor, and ID: b67ae536-8378-4891-accd-8a8599ea6dfb was created. Owned by the Final_Project Package.
09, 09, 2016 (23:27:25): UR named: package_diagram, of type IDiagram, and ID: 604328de-2202-48b3-9d1a-353bbeb75331 was created. Owned by the ES770 Project.
09, 09, 2016 (23:27:25): UR named: definition_diagram, of type IDiagram, and ID: f53d507c-79b1-4f7f-850a-0c96a124e9bd was created. Owned by the ES770 Project.
09, 09, 2016 (23:27:25): UR named: stdlib, of type IClass, and ID: 579689f1-435b-460b-9240-949970fdee53 was created. Owned by the Final_Project Package.
09, 09, 2016 (23:27:25): UR named: File, of type IStereotype, and ID: bdee0ab5-d5a0-4569-8f02-ac8f107b96c3 was created. Owned by the Final_Project Package.
09, 09, 2016 (23:27:25): UR named: C_define, of type IStereotype, and ID: 4560e55a-2a71-451f-b5bd-262ac189ac08 was created. Owned by the Sources Package.
09, 09, 2016 (23:27:25): UR named: MKL25Z4, of type IClass, and ID: d32248dd-74d9-479b-b8a9-cc8ac7ccc303 was created. Owned by the Final_Project Package.
09, 09, 2016 (23:27:25): UR named: User, of type IActor, and ID: b67ae536-8378-4891-accd-8a8599ea6dfb was created. Owned by the Final_Project Package.
09, 09, 2016 (23:27:39): UR named: package_diagram, of type IDiagram, and ID: 604328de-2202-48b3-9d1a-353bbeb75331 was created. Owned by the ES770 Project.
09, 09, 2016 (23:27:39): UR named: definition_diagram, of type IDiagram, and ID: f53d507c-79b1-4f7f-850a-0c96a124e9bd was created. Owned by the ES770 Project.
09, 09, 2016 (23:27:39): UR named: stdlib, of type IClass, and ID: 579689f1-435b-460b-9240-949970fdee53 was created. Owned by the Final_Project Package.
09, 09, 2016 (23:27:39): UR named: fsl_clock_manager, of type IClass, and ID: 08c1aede-ca9f-4ad1-a5c3-258b424cd52a was created. Owned by the Final_Project Package.
09, 09, 2016 (23:27:39): UR named: fsl_port_hal, of type IClass, and ID: 1ea38ca5-80a9-4f47-80f1-d13c37181ab9 was created. Owned by the Final_Project Package.
09, 09, 2016 (23:27:39): UR named: fsl_smc_hal, of type IClass, and ID: 82bdbb67-6156-4f36-8fde-ac0769bfa6a1 was created. Owned by the Final_Project Package.
09, 09, 2016 (23:27:39): UR named: File, of type IStereotype, and ID: bdee0ab5-d5a0-4569-8f02-ac8f107b96c3 was created. Owned by the Final_Project Package.
09, 09, 2016 (23:27:39): UR named: C_define, of type IStereotype, and ID: 4560e55a-2a71-451f-b5bd-262ac189ac08 was created. Owned by the Sources Package.
09, 09, 2016 (23:27:39): UR named: MKL25Z4, of type IClass, and ID: d32248dd-74d9-479b-b8a9-cc8ac7ccc303 was created. Owned by the Final_Project Package.
09, 09, 2016 (23:27:39): UR named: User, of type IActor, and ID: b67ae536-8378-4891-accd-8a8599ea6dfb was created. Owned by the Final_Project Package.
09, 09, 2016 (23:27:40): UR named: package_diagram, of type IDiagram, and ID: 604328de-2202-48b3-9d1a-353bbeb75331 was created. Owned by the ES770 Project.
09, 09, 2016 (23:27:40): UR named: definition_diagram, of type IDiagram, and ID: f53d507c-79b1-4f7f-850a-0c96a124e9bd was created. Owned by the ES770 Project.
09, 09, 2016 (23:27:40): UR named: stdlib, of type IClass, and ID: 579689f1-435b-460b-9240-949970fdee53 was created. Owned by the Final_Project Package.
09, 09, 2016 (23:27:40): UR named: C_define, of type IStereotype, and ID: 4560e55a-2a71-451f-b5bd-262ac189ac08 was created. Owned by the Sources Package.
09, 09, 2016 (23:27:40): UR named: fsl_clock_manager, of type IClass, and ID: 08c1aede-ca9f-4ad1-a5c3-258b424cd52a was created. Owned by the Final_Project Package.
09, 09, 2016 (23:27:40): UR named: fsl_port_hal, of type IClass, and ID: 1ea38ca5-80a9-4f47-80f1-d13c37181ab9 was created. Owned by the Final_Project Package.
09, 09, 2016 (23:27:40): UR named: fsl_gpio_hal, of type IClass, and ID: eaf96d3b-6e84-4516-8c0c-f3ce97a4d67b was created. Owned by the Final_Project Package.
09, 09, 2016 (23:27:40): UR named: fsl_interrupt_manager, of type IClass, and ID: b57f139d-e8b1-4031-89ee-0cc10bfebb00 was created. Owned by the Final_Project Package.
09, 09, 2016 (23:27:40): UR named: fsl_pwm_driver, of type IClass, and ID: 28b0b50e-d670-4ee0-bc7a-7962c3756450 was created. Owned by the Final_Project Package.
09, 09, 2016 (23:27:40): UR named: fsl_tpm_driver, of type IClass, and ID: 12d4b1b6-2ee8-43a3-8b4b-366f6cdb0cdf was created. Owned by the Final_Project Package.
09, 09, 2016 (23:27:40): UR named: fsl_tpm_hal, of type IClass, and ID: adc41eed-069a-487b-8384-888b18b15826 was created. Owned by the Final_Project Package.
09, 09, 2016 (23:27:40): UR named: fsl_smc_hal, of type IClass, and ID: 82bdbb67-6156-4f36-8fde-ac0769bfa6a1 was created. Owned by the Final_Project Package.
09, 09, 2016 (23:27:40): UR named: File, of type IStereotype, and ID: bdee0ab5-d5a0-4569-8f02-ac8f107b96c3 was created. Owned by the Final_Project Package.
09, 09, 2016 (23:27:40): UR named: MKL25Z4, of type IClass, and ID: d32248dd-74d9-479b-b8a9-cc8ac7ccc303 was created. Owned by the Final_Project Package.
09, 09, 2016 (23:27:40): UR named: User, of type IActor, and ID: b67ae536-8378-4891-accd-8a8599ea6dfb was created. Owned by the Final_Project Package.
09, 09, 2016 (23:27:42): UR named: package_diagram, of type IDiagram, and ID: 604328de-2202-48b3-9d1a-353bbeb75331 was created. Owned by the ES770 Project.
09, 09, 2016 (23:27:42): UR named: definition_diagram, of type IDiagram, and ID: f53d507c-79b1-4f7f-850a-0c96a124e9bd was created. Owned by the ES770 Project.
09, 09, 2016 (23:27:42): UR named: stdlib, of type IClass, and ID: 579689f1-435b-460b-9240-949970fdee53 was created. Owned by the Final_Project Package.
09, 09, 2016 (23:27:42): UR named: C_define, of type IStereotype, and ID: 4560e55a-2a71-451f-b5bd-262ac189ac08 was created. Owned by the Sources Package.
09, 09, 2016 (23:27:42): UR named: fsl_clock_manager, of type IClass, and ID: 08c1aede-ca9f-4ad1-a5c3-258b424cd52a was created. Owned by the Final_Project Package.
09, 09, 2016 (23:27:42): UR named: fsl_port_hal, of type IClass, and ID: 1ea38ca5-80a9-4f47-80f1-d13c37181ab9 was created. Owned by the Final_Project Package.
09, 09, 2016 (23:27:42): UR named: fsl_gpio_hal, of type IClass, and ID: eaf96d3b-6e84-4516-8c0c-f3ce97a4d67b was created. Owned by the Final_Project Package.
09, 09, 2016 (23:27:42): UR named: fsl_interrupt_manager, of type IClass, and ID: b57f139d-e8b1-4031-89ee-0cc10bfebb00 was created. Owned by the Final_Project Package.
09, 09, 2016 (23:27:42): UR named: fsl_pwm_driver, of type IClass, and ID: 28b0b50e-d670-4ee0-bc7a-7962c3756450 was created. Owned by the Final_Project Package.
09, 09, 2016 (23:27:42): UR named: fsl_tpm_driver, of type IClass, and ID: 12d4b1b6-2ee8-43a3-8b4b-366f6cdb0cdf was created. Owned by the Final_Project Package.
09, 09, 2016 (23:27:42): UR named: fsl_tpm_hal, of type IClass, and ID: adc41eed-069a-487b-8384-888b18b15826 was created. Owned by the Final_Project Package.
09, 09, 2016 (23:27:42): UR named: fsl_smc_hal, of type IClass, and ID: 82bdbb67-6156-4f36-8fde-ac0769bfa6a1 was created. Owned by the Final_Project Package.
09, 09, 2016 (23:27:42): UR named: fsl_debug_console, of type IClass, and ID: 8f05cbf7-9821-4d46-8dd7-e280a936a2f0 was created. Owned by the Final_Project Package.
09, 09, 2016 (23:27:42): UR named: File, of type IStereotype, and ID: bdee0ab5-d5a0-4569-8f02-ac8f107b96c3 was created. Owned by the Final_Project Package.
09, 09, 2016 (23:27:42): UR named: MKL25Z4, of type IClass, and ID: d32248dd-74d9-479b-b8a9-cc8ac7ccc303 was created. Owned by the Final_Project Package.
09, 09, 2016 (23:27:42): UR named: User, of type IActor, and ID: b67ae536-8378-4891-accd-8a8599ea6dfb was created. Owned by the Final_Project Package.
09, 09, 2016 (23:27:43): UR named: package_diagram, of type IDiagram, and ID: 604328de-2202-48b3-9d1a-353bbeb75331 was created. Owned by the ES770 Project.
09, 09, 2016 (23:27:43): UR named: definition_diagram, of type IDiagram, and ID: f53d507c-79b1-4f7f-850a-0c96a124e9bd was created. Owned by the ES770 Project.
09, 09, 2016 (23:27:43): UR named: stdlib, of type IClass, and ID: 579689f1-435b-460b-9240-949970fdee53 was created. Owned by the Final_Project Package.
09, 09, 2016 (23:27:43): UR named: C_define, of type IStereotype, and ID: 4560e55a-2a71-451f-b5bd-262ac189ac08 was created. Owned by the Sources Package.
09, 09, 2016 (23:27:43): UR named: fsl_gpio_hal, of type IClass, and ID: eaf96d3b-6e84-4516-8c0c-f3ce97a4d67b was created. Owned by the Final_Project Package.
09, 09, 2016 (23:27:43): UR named: fsl_interrupt_manager, of type IClass, and ID: b57f139d-e8b1-4031-89ee-0cc10bfebb00 was created. Owned by the Final_Project Package.
09, 09, 2016 (23:27:43): UR named: fsl_tpm_driver, of type IClass, and ID: 12d4b1b6-2ee8-43a3-8b4b-366f6cdb0cdf was created. Owned by the Final_Project Package.
09, 09, 2016 (23:27:43): UR named: fsl_tpm_hal, of type IClass, and ID: adc41eed-069a-487b-8384-888b18b15826 was created. Owned by the Final_Project Package.
09, 09, 2016 (23:27:43): UR named: fsl_pwm_driver, of type IClass, and ID: 28b0b50e-d670-4ee0-bc7a-7962c3756450 was created. Owned by the Final_Project Package.
09, 09, 2016 (23:27:43): UR named: fsl_clock_manager, of type IClass, and ID: 08c1aede-ca9f-4ad1-a5c3-258b424cd52a was created. Owned by the Final_Project Package.
09, 09, 2016 (23:27:43): UR named: fsl_port_hal, of type IClass, and ID: 1ea38ca5-80a9-4f47-80f1-d13c37181ab9 was created. Owned by the Final_Project Package.
09, 09, 2016 (23:27:43): UR named: fsl_smc_hal, of type IClass, and ID: 82bdbb67-6156-4f36-8fde-ac0769bfa6a1 was created. Owned by the Final_Project Package.
09, 09, 2016 (23:27:43): UR named: fsl_debug_console, of type IClass, and ID: 8f05cbf7-9821-4d46-8dd7-e280a936a2f0 was created. Owned by the Final_Project Package.
09, 09, 2016 (23:27:43): UR named: File, of type IStereotype, and ID: bdee0ab5-d5a0-4569-8f02-ac8f107b96c3 was created. Owned by the Final_Project Package.
09, 09, 2016 (23:27:43): UR named: MKL25Z4, of type IClass, and ID: d32248dd-74d9-479b-b8a9-cc8ac7ccc303 was created. Owned by the Final_Project Package.
09, 09, 2016 (23:27:43): UR named: User, of type IActor, and ID: b67ae536-8378-4891-accd-8a8599ea6dfb was created. Owned by the Final_Project Package.
09, 09, 2016 (23:34:07): UR named: package_diagram, of type IDiagram, and ID: 604328de-2202-48b3-9d1a-353bbeb75331 was created. Owned by the ES770 Project.
09, 09, 2016 (23:34:07): UR named: definition_diagram, of type IDiagram, and ID: f53d507c-79b1-4f7f-850a-0c96a124e9bd was created. Owned by the ES770 Project.
09, 09, 2016 (23:34:07): UR named: stdlib, of type IClass, and ID: 579689f1-435b-460b-9240-949970fdee53 was created. Owned by the Final_Project Package.
09, 09, 2016 (23:34:07): UR named: C_define, of type IStereotype, and ID: 4560e55a-2a71-451f-b5bd-262ac189ac08 was created. Owned by the Sources Package.
09, 09, 2016 (23:34:07): UR named: fsl_gpio_hal, of type IClass, and ID: eaf96d3b-6e84-4516-8c0c-f3ce97a4d67b was created. Owned by the Final_Project Package.
09, 09, 2016 (23:34:07): UR named: fsl_interrupt_manager, of type IClass, and ID: b57f139d-e8b1-4031-89ee-0cc10bfebb00 was created. Owned by the Final_Project Package.
09, 09, 2016 (23:34:07): UR named: fsl_tpm_driver, of type IClass, and ID: 12d4b1b6-2ee8-43a3-8b4b-366f6cdb0cdf was created. Owned by the Final_Project Package.
09, 09, 2016 (23:34:07): UR named: fsl_tpm_hal, of type IClass, and ID: adc41eed-069a-487b-8384-888b18b15826 was created. Owned by the Final_Project Package.
09, 09, 2016 (23:34:07): UR named: fsl_pwm_driver, of type IClass, and ID: 28b0b50e-d670-4ee0-bc7a-7962c3756450 was created. Owned by the Final_Project Package.
09, 09, 2016 (23:34:07): UR named: fsl_clock_manager, of type IClass, and ID: 08c1aede-ca9f-4ad1-a5c3-258b424cd52a was created. Owned by the Final_Project Package.
09, 09, 2016 (23:34:07): UR named: fsl_port_hal, of type IClass, and ID: 1ea38ca5-80a9-4f47-80f1-d13c37181ab9 was created. Owned by the Final_Project Package.
09, 09, 2016 (23:34:07): UR named: fsl_smc_hal, of type IClass, and ID: 82bdbb67-6156-4f36-8fde-ac0769bfa6a1 was created. Owned by the Final_Project Package.
09, 09, 2016 (23:34:07): UR named: fsl_debug_console, of type IClass, and ID: 8f05cbf7-9821-4d46-8dd7-e280a936a2f0 was created. Owned by the Final_Project Package.
09, 09, 2016 (23:34:07): UR named: File, of type IStereotype, and ID: bdee0ab5-d5a0-4569-8f02-ac8f107b96c3 was created. Owned by the Final_Project Package.
09, 09, 2016 (23:34:07): UR named: MKL25Z4, of type IClass, and ID: d32248dd-74d9-479b-b8a9-cc8ac7ccc303 was created. Owned by the Final_Project Package.
09, 09, 2016 (23:34:07): UR named: User, of type IActor, and ID: b67ae536-8378-4891-accd-8a8599ea6dfb was created. Owned by the Final_Project Package.
09, 09, 2016 (23:35:46): UR named: package_diagram, of type IDiagram, and ID: 604328de-2202-48b3-9d1a-353bbeb75331 was created. Owned by the ES770 Project.
09, 09, 2016 (23:35:46): UR named: definition_diagram, of type IDiagram, and ID: f53d507c-79b1-4f7f-850a-0c96a124e9bd was created. Owned by the ES770 Project.
09, 09, 2016 (23:35:46): UR named: C_define, of type IStereotype, and ID: 4560e55a-2a71-451f-b5bd-262ac189ac08 was created. Owned by the Sources Package.
09, 09, 2016 (23:35:46): UR named: Final_Project, of type ISubsystem, and ID: 00000000-0000-0000-0000-000000000000 was created. Owned by the ES770 Project.
09, 09, 2016 (23:35:46): UR named: File, of type IStereotype, and ID: bdee0ab5-d5a0-4569-8f02-ac8f107b96c3 was created. Owned by the Final_Project Package.
09, 09, 2016 (23:35:46): UR named: MKL25Z4, of type IClass, and ID: d32248dd-74d9-479b-b8a9-cc8ac7ccc303 was created. Owned by the Final_Project Package.
09, 09, 2016 (23:35:53): UR named: package_diagram, of type IDiagram, and ID: 604328de-2202-48b3-9d1a-353bbeb75331 was created. Owned by the ES770 Project.
09, 09, 2016 (23:35:53): UR named: definition_diagram, of type IDiagram, and ID: f53d507c-79b1-4f7f-850a-0c96a124e9bd was created. Owned by the ES770 Project.
09, 09, 2016 (23:35:53): UR named: C_define, of type IStereotype, and ID: 4560e55a-2a71-451f-b5bd-262ac189ac08 was created. Owned by the Sources Package.
09, 09, 2016 (23:35:53): UR named: Final_Project, of type ISubsystem, and ID: 00000000-0000-0000-0000-000000000000 was created. Owned by the ES770 Project.
09, 09, 2016 (23:35:53): UR named: File, of type IStereotype, and ID: bdee0ab5-d5a0-4569-8f02-ac8f107b96c3 was created. Owned by the Final_Project Package.
09, 09, 2016 (23:35:53): UR named: MKL25Z4, of type IClass, and ID: d32248dd-74d9-479b-b8a9-cc8ac7ccc303 was created. Owned by the Final_Project Package.
09, 09, 2016 (23:36:40): UR named: package_diagram, of type IDiagram, and ID: 604328de-2202-48b3-9d1a-353bbeb75331 was created. Owned by the ES770 Project.
09, 09, 2016 (23:36:40): UR named: definition_diagram, of type IDiagram, and ID: f53d507c-79b1-4f7f-850a-0c96a124e9bd was created. Owned by the ES770 Project.
09, 09, 2016 (23:36:40): UR named: C_define, of type IStereotype, and ID: 4560e55a-2a71-451f-b5bd-262ac189ac08 was created. Owned by the Sources Package.
09, 09, 2016 (23:36:40): UR named: Final_Project, of type ISubsystem, and ID: 00000000-0000-0000-0000-000000000000 was created. Owned by the ES770 Project.
09, 09, 2016 (23:36:40): UR named: File, of type IStereotype, and ID: bdee0ab5-d5a0-4569-8f02-ac8f107b96c3 was created. Owned by the Final_Project Package.
09, 09, 2016 (23:36:40): UR named: MKL25Z4, of type IClass, and ID: d32248dd-74d9-479b-b8a9-cc8ac7ccc303 was created. Owned by the Final_Project Package.
09, 09, 2016 (23:39:41): UR named: package_diagram, of type IDiagram, and ID: 604328de-2202-48b3-9d1a-353bbeb75331 was created. Owned by the ES770 Project.
09, 09, 2016 (23:39:41): UR named: definition_diagram, of type IDiagram, and ID: f53d507c-79b1-4f7f-850a-0c96a124e9bd was created. Owned by the ES770 Project.
09, 09, 2016 (23:39:41): UR named: C_define, of type IStereotype, and ID: 4560e55a-2a71-451f-b5bd-262ac189ac08 was created. Owned by the Sources Package.
09, 09, 2016 (23:39:41): UR named: Final_Project, of type ISubsystem, and ID: 00000000-0000-0000-0000-000000000000 was created. Owned by the ES770 Project.
09, 09, 2016 (23:39:41): UR named: File, of type IStereotype, and ID: bdee0ab5-d5a0-4569-8f02-ac8f107b96c3 was created. Owned by the Final_Project Package.
09, 09, 2016 (23:39:41): UR named: MKL25Z4, of type IClass, and ID: d32248dd-74d9-479b-b8a9-cc8ac7ccc303 was created. Owned by the Final_Project Package.
09, 09, 2016 (23:39:41): UR named: Hardware, of type IStereotype, and ID: c8011682-d6fb-4a52-a7a9-73430e572531 was created. Owned by the Final_Project Package.
09, 09, 2016 (23:39:44): UR named: package_diagram, of type IDiagram, and ID: 604328de-2202-48b3-9d1a-353bbeb75331 was created. Owned by the ES770 Project.
09, 09, 2016 (23:39:44): UR named: definition_diagram, of type IDiagram, and ID: f53d507c-79b1-4f7f-850a-0c96a124e9bd was created. Owned by the ES770 Project.
09, 09, 2016 (23:39:44): UR named: C_define, of type IStereotype, and ID: 4560e55a-2a71-451f-b5bd-262ac189ac08 was created. Owned by the Sources Package.
09, 09, 2016 (23:39:44): UR named: Final_Project, of type ISubsystem, and ID: 00000000-0000-0000-0000-000000000000 was created. Owned by the ES770 Project.
09, 09, 2016 (23:39:44): UR named: File, of type IStereotype, and ID: bdee0ab5-d5a0-4569-8f02-ac8f107b96c3 was created. Owned by the Final_Project Package.
09, 09, 2016 (23:39:44): UR named: MKL25Z4, of type IClass, and ID: d32248dd-74d9-479b-b8a9-cc8ac7ccc303 was created. Owned by the Final_Project Package.
09, 09, 2016 (23:39:44): UR named: Hardware, of type IStereotype, and ID: c8011682-d6fb-4a52-a7a9-73430e572531 was created. Owned by the Final_Project Package.
09, 09, 2016 (23:39:46): UR named: package_diagram, of type IDiagram, and ID: 604328de-2202-48b3-9d1a-353bbeb75331 was created. Owned by the ES770 Project.
09, 09, 2016 (23:39:46): UR named: definition_diagram, of type IDiagram, and ID: f53d507c-79b1-4f7f-850a-0c96a124e9bd was created. Owned by the ES770 Project.
09, 09, 2016 (23:39:46): UR named: C_define, of type IStereotype, and ID: 4560e55a-2a71-451f-b5bd-262ac189ac08 was created. Owned by the Sources Package.
09, 09, 2016 (23:39:46): UR named: Final_Project, of type ISubsystem, and ID: 00000000-0000-0000-0000-000000000000 was created. Owned by the ES770 Project.
09, 09, 2016 (23:39:46): UR named: File, of type IStereotype, and ID: bdee0ab5-d5a0-4569-8f02-ac8f107b96c3 was created. Owned by the Final_Project Package.
09, 09, 2016 (23:39:46): UR named: MKL25Z4, of type IClass, and ID: d32248dd-74d9-479b-b8a9-cc8ac7ccc303 was created. Owned by the Final_Project Package.
09, 09, 2016 (23:39:46): UR named: Hardware, of type IStereotype, and ID: c8011682-d6fb-4a52-a7a9-73430e572531 was created. Owned by the Final_Project Package.
09, 09, 2016 (23:39:49): UR named: package_diagram, of type IDiagram, and ID: 604328de-2202-48b3-9d1a-353bbeb75331 was created. Owned by the ES770 Project.
09, 09, 2016 (23:39:49): UR named: definition_diagram, of type IDiagram, and ID: f53d507c-79b1-4f7f-850a-0c96a124e9bd was created. Owned by the ES770 Project.
09, 09, 2016 (23:39:49): UR named: C_define, of type IStereotype, and ID: 4560e55a-2a71-451f-b5bd-262ac189ac08 was created. Owned by the Sources Package.
09, 09, 2016 (23:39:49): UR named: Final_Project, of type ISubsystem, and ID: 00000000-0000-0000-0000-000000000000 was created. Owned by the ES770 Project.
09, 09, 2016 (23:39:49): UR named: File, of type IStereotype, and ID: bdee0ab5-d5a0-4569-8f02-ac8f107b96c3 was created. Owned by the Final_Project Package.
09, 09, 2016 (23:39:49): UR named: MKL25Z4, of type IClass, and ID: d32248dd-74d9-479b-b8a9-cc8ac7ccc303 was created. Owned by the Final_Project Package.
09, 09, 2016 (23:39:49): UR named: Hardware, of type IStereotype, and ID: c8011682-d6fb-4a52-a7a9-73430e572531 was created. Owned by the Final_Project Package.
09, 09, 2016 (23:39:49): UR named: Software, of type IStereotype, and ID: 4fa28ec1-ff96-4344-8216-905756dbcb0a was created. Owned by the Final_Project Package.
09, 09, 2016 (23:39:52): UR named: package_diagram, of type IDiagram, and ID: 604328de-2202-48b3-9d1a-353bbeb75331 was created. Owned by the ES770 Project.
09, 09, 2016 (23:39:52): UR named: definition_diagram, of type IDiagram, and ID: f53d507c-79b1-4f7f-850a-0c96a124e9bd was created. Owned by the ES770 Project.
09, 09, 2016 (23:39:52): UR named: C_define, of type IStereotype, and ID: 4560e55a-2a71-451f-b5bd-262ac189ac08 was created. Owned by the Sources Package.
09, 09, 2016 (23:39:52): UR named: Final_Project, of type ISubsystem, and ID: 00000000-0000-0000-0000-000000000000 was created. Owned by the ES770 Project.
09, 09, 2016 (23:39:52): UR named: File, of type IStereotype, and ID: bdee0ab5-d5a0-4569-8f02-ac8f107b96c3 was created. Owned by the Final_Project Package.
09, 09, 2016 (23:39:52): UR named: MKL25Z4, of type IClass, and ID: d32248dd-74d9-479b-b8a9-cc8ac7ccc303 was created. Owned by the Final_Project Package.
09, 09, 2016 (23:39:52): UR named: Hardware, of type IStereotype, and ID: c8011682-d6fb-4a52-a7a9-73430e572531 was created. Owned by the Final_Project Package.
09, 09, 2016 (23:39:52): UR named: Software, of type IStereotype, and ID: 4fa28ec1-ff96-4344-8216-905756dbcb0a was created. Owned by the Final_Project Package.
