09, 15, 2016 (12:36:34): Starting Pre-Save actions

09, 15, 2016 (12:36:34): Starting Dialogs Check/Save
09, 15, 2016 (12:36:34): Finished Dialogs Check/Save
09, 15, 2016 (12:36:34): Starting Controlled Files Resolution
09, 15, 2016 (12:36:34): Finished Controlled Files Resolution
09, 15, 2016 (12:36:34): Finished Pre-Save actions

09, 15, 2016 (12:36:34): Creating D:\Users\guilherme\Documents\University\Current Semester\ES770\model\ES770\ES770.rpy
09, 15, 2016 (12:36:34): 
Started writing D:\Users\guilherme\Documents\University\Current Semester\ES770\model\ES770\ES770.rpy on Thursday, September 15, 2016 (12:36:34)

09, 15, 2016 (12:36:34): version 8.5.2
09, 15, 2016 (12:36:34): 
Started writing D:\Users\guilherme\Documents\University\Current Semester\ES770\model\ES770\ES770_rpy\filesTable.dat on Thursday, September 15, 2016 (12:36:34)

09, 15, 2016 (12:36:34): Finished writing D:\Users\guilherme\Documents\University\Current Semester\ES770\model\ES770\ES770_rpy\filesTable.dat on Thursday, September 15, 2016 (12:36:34)

09, 15, 2016 (12:36:34): Creating D:\Users\guilherme\Documents\University\Current Semester\ES770\model\ES770\ES770_rpy\encoder.sbs
09, 15, 2016 (12:36:34): 
Started writing D:\Users\guilherme\Documents\University\Current Semester\ES770\model\ES770\ES770_rpy\encoder.sbs on Thursday, September 15, 2016 (12:36:34)

09, 15, 2016 (12:36:34): version 8.5.2
09, 15, 2016 (12:36:34): Finished writing D:\Users\guilherme\Documents\University\Current Semester\ES770\model\ES770\ES770_rpy\encoder.sbs on Thursday, September 15, 2016 (12:36:34)

09, 15, 2016 (12:36:34): Finished writing D:\Users\guilherme\Documents\University\Current Semester\ES770\model\ES770\ES770.rpy on Thursday, September 15, 2016 (12:36:34)

09, 15, 2016 (12:36:34): End Log
