Removed Pin From Net: NetName=VCC Pin=P1-5
Removed Pin From Net: NetName=NetP1_11 Pin=R2-1
Removed Pin From Net: NetName=NetP1_3 Pin=R6-1
Removed Pin From Net: NetName=NetP1_1 Pin=R8-1
Removed Pin From Net: NetName=NetP1_2 Pin=R10-1
Removed Pin From Net: NetName=NetP1_4 Pin=R12-1
Removed Pin From Net: NetName=NetP1_11 Pin=U1-2
Removed Pin From Net: NetName=NetP1_3 Pin=U4-2
Removed Pin From Net: NetName=NetP1_1 Pin=U5-2
Removed Pin From Net: NetName=NetP1_2 Pin=U6-2
Removed Pin From Net: NetName=NetP1_4 Pin=U7-2
Added Pin To Net: NetName=VCC Pin=P1-9
Added Pin To Net: NetName=NetP1_4 Pin=R2-1
Added Pin To Net: NetName=NetP1_2 Pin=R4-1
Added Pin To Net: NetName=NetP1_1 Pin=R6-1
Added Pin To Net: NetName=NetP1_3 Pin=R8-1
Added Pin To Net: NetName=NetP1_11 Pin=R12-1
Added Pin To Net: NetName=NetP1_4 Pin=U1-2
Added Pin To Net: NetName=NetP1_2 Pin=U2-2
Added Pin To Net: NetName=NetP1_1 Pin=U4-2
Added Pin To Net: NetName=NetP1_3 Pin=U5-2
Added Pin To Net: NetName=NetP1_11 Pin=U7-2
Added Pin To Net: NetName=NetP1_5 Pin=P1-5
Added Pin To Net: NetName=NetP1_5 Pin=R10-1
Added Pin To Net: NetName=NetP1_5 Pin=U6-2
Added Net: Name=NetP1_5
Added Pin To Net: NetName=NetU3_1 Pin=U3-1
Added Net: Name=NetU3_1
Added Pin To Net: NetName=NetU3_2 Pin=U3-2
Added Net: Name=NetU3_2
