Added Component: Designator=D1(DO-35)
Added Component: Designator=D2(DO-35)
Added Component: Designator=D3(DO-35)
Added Component: Designator=D4(DO-35)
Added Component: Designator=D5(DO-35)
Added Component: Designator=D6(DO-35)
Added Component: Designator=D7(DO-35)
Added Component: Designator=D8(DO-35)
Added Component: Designator=D9(DO-35)
Added Component: Designator=D10(DO-35)
Added Component: Designator=D11(DO-35)
Added Component: Designator=D12(DO-35)
Added Pin To Net: NetName=VCC3V3 Pin=D1-2
Added Pin To Net: NetName=VCC3V3 Pin=D2-2
Added Pin To Net: NetName=VCC3V3 Pin=D3-2
Added Pin To Net: NetName=GND Pin=D4-1
Added Pin To Net: NetName=GND Pin=D5-1
Added Pin To Net: NetName=GND Pin=D6-1
Added Pin To Net: NetName=VCC3V3 Pin=D7-2
Added Pin To Net: NetName=VCC3V3 Pin=D8-2
Added Pin To Net: NetName=VCC3V3 Pin=D9-2
Added Pin To Net: NetName=GND Pin=D10-1
Added Pin To Net: NetName=GND Pin=D11-1
Added Pin To Net: NetName=GND Pin=D12-1
Added Pin To Net: NetName=NetD1_1 Pin=D1-1
Added Pin To Net: NetName=NetD1_1 Pin=D4-2
Added Pin To Net: NetName=NetD1_1 Pin=J10-10
Added Pin To Net: NetName=NetD1_1 Pin=P1-1
Added Net: Name=NetD1_1
Added Pin To Net: NetName=NetD2_1 Pin=D2-1
Added Pin To Net: NetName=NetD2_1 Pin=D5-2
Added Pin To Net: NetName=NetD2_1 Pin=J10-12
Added Pin To Net: NetName=NetD2_1 Pin=P1-3
Added Net: Name=NetD2_1
Added Pin To Net: NetName=NetD3_1 Pin=D3-1
Added Pin To Net: NetName=NetD3_1 Pin=D6-2
Added Pin To Net: NetName=NetD3_1 Pin=J10-7
Added Pin To Net: NetName=NetD3_1 Pin=P1-5
Added Net: Name=NetD3_1
Added Pin To Net: NetName=NetD7_1 Pin=D7-1
Added Pin To Net: NetName=NetD7_1 Pin=D10-2
Added Pin To Net: NetName=NetD7_1 Pin=J10-5
Added Pin To Net: NetName=NetD7_1 Pin=P1-7
Added Net: Name=NetD7_1
Added Pin To Net: NetName=NetD8_1 Pin=D8-1
Added Pin To Net: NetName=NetD8_1 Pin=D11-2
Added Pin To Net: NetName=NetD8_1 Pin=J10-3
Added Pin To Net: NetName=NetD8_1 Pin=P1-9
Added Net: Name=NetD8_1
Added Pin To Net: NetName=NetD9_1 Pin=D9-1
Added Pin To Net: NetName=NetD9_1 Pin=D12-2
Added Pin To Net: NetName=NetD9_1 Pin=J10-1
Added Pin To Net: NetName=NetD9_1 Pin=P1-11
Added Net: Name=NetD9_1
