Removed Pin From Net: NetName=VCC3V3 Pin=D1-2
Removed Pin From Net: NetName=VCC3V3 Pin=D2-2
Removed Pin From Net: NetName=VCC3V3 Pin=D3-2
Removed Pin From Net: NetName=GND Pin=D4-1
Removed Pin From Net: NetName=GND Pin=D5-1
Removed Pin From Net: NetName=GND Pin=D6-1
Removed Pin From Net: NetName=VCC3V3 Pin=D7-2
Removed Pin From Net: NetName=VCC3V3 Pin=D8-2
Removed Pin From Net: NetName=VCC3V3 Pin=D9-2
Removed Pin From Net: NetName=GND Pin=D10-1
Removed Pin From Net: NetName=GND Pin=D11-1
Removed Pin From Net: NetName=GND Pin=D12-1
Added Pin To Net: NetName=NetJ10_1 Pin=J10-1
Added Pin To Net: NetName=NetJ10_1 Pin=P1-11
Added Net: Name=NetJ10_1
Added Pin To Net: NetName=NetJ10_3 Pin=J10-3
Added Pin To Net: NetName=NetJ10_3 Pin=P1-9
Added Net: Name=NetJ10_3
Added Pin To Net: NetName=NetJ10_5 Pin=J10-5
Added Pin To Net: NetName=NetJ10_5 Pin=P1-7
Added Net: Name=NetJ10_5
Added Pin To Net: NetName=NetJ10_7 Pin=J10-7
Added Pin To Net: NetName=NetJ10_7 Pin=P1-5
Added Net: Name=NetJ10_7
Added Pin To Net: NetName=NetJ10_10 Pin=J10-10
Added Pin To Net: NetName=NetJ10_10 Pin=P1-1
Added Net: Name=NetJ10_10
Added Pin To Net: NetName=NetJ10_12 Pin=J10-12
Added Pin To Net: NetName=NetJ10_12 Pin=P1-3
Added Net: Name=NetJ10_12
